#
# There is insufficient memory for the Java Runtime Environment to continue.
# Native memory allocation (malloc) failed to allocate 1420016 bytes for Chunk::new
# Possible reasons:
#   The system is out of physical RAM or swap space
#   The process is running with CompressedOops enabled, and the Java Heap may be blocking the growth of the native heap
# Possible solutions:
#   Reduce memory load on the system
#   Increase physical memory or swap space
#   Check if swap backing store is full
#   Decrease Java heap size (-Xmx/-Xms)
#   Decrease number of Java threads
#   Decrease Java thread stack sizes (-Xss)
#   Set larger code cache with -XX:ReservedCodeCacheSize=
#   JVM is running with Unscaled Compressed Oops mode in which the Java heap is
#     placed in the first 4GB address space. The Java Heap base address is the
#     maximum limit for the native heap growth. Please use -XX:HeapBaseMinAddress
#     to set the Java Heap base and to place the Java Heap above 4GB virtual address.
# This output file may be truncated or incomplete.
#
#  Out of Memory Error (t:/workspace/open/src/hotspot/share/memory/arena.cpp:197), pid=6660, tid=9756
#
# JRE version: OpenJDK Runtime Environment (11.0.2+9) (build 11.0.2+9)
# Java VM: OpenJDK 64-Bit Server VM (11.0.2+9, mixed mode, tiered, compressed oops, g1 gc, windows-amd64)
# No core dump will be written. Minidumps are not enabled by default on client versions of Windows
#

---------------  S U M M A R Y ------------

Command Line: --add-opens=java.base/java.util=ALL-UNNAMED --add-opens=java.base/java.lang=ALL-UNNAMED --add-opens=java.base/java.lang.invoke=ALL-UNNAMED --add-opens=java.prefs/java.util.prefs=ALL-UNNAMED -Xmx2048m -Dfile.encoding=windows-1251 -Duser.country=RU -Duser.language=ru -Duser.variant org.gradle.launcher.daemon.bootstrap.GradleDaemon 6.1.1

Host: Intel(R) Core(TM) i5-6300HQ CPU @ 2.30GHz, 4 cores, 7G,  Windows 10 , 64 bit Build 18362 (10.0.18362.1110)
Time: Tue Dec 15 00:55:25 2020 Aaea?onu (ceia) elapsed time: 155 seconds (0d 0h 2m 35s)

---------------  T H R E A D  ---------------

Current thread (0x000001c2e8914800):  JavaThread "C2 CompilerThread1" daemon [_thread_in_native, id=9756, stack(0x00000065f6b00000,0x00000065f6c00000)]


Current CompileTask:
C2: 155559 13353 %     4       com.android.tools.r8.B.a.a.f::a @ 66 (6062 bytes)

Stack: [0x00000065f6b00000,0x00000065f6c00000]
Native frames: (J=compiled Java code, j=interpreted, Vv=VM code, C=native code)
V  [jvm.dll+0x63489a]
V  [jvm.dll+0x771f9f]
V  [jvm.dll+0x773648]
V  [jvm.dll+0x773d03]
V  [jvm.dll+0x25eba8]
V  [jvm.dll+0xc2191]
V  [jvm.dll+0xc271c]
V  [jvm.dll+0x36cc47]
V  [jvm.dll+0x339b13]
V  [jvm.dll+0x338eea]
V  [jvm.dll+0x2189c5]
V  [jvm.dll+0x217b6a]
V  [jvm.dll+0x194370]
V  [jvm.dll+0x226b3f]
V  [jvm.dll+0x225148]
V  [jvm.dll+0x73774d]
V  [jvm.dll+0x633942]
C  [ucrtbase.dll+0x210b2]
C  [KERNEL32.DLL+0x17c24]
C  [ntdll.dll+0x6d4d1]


---------------  P R O C E S S  ---------------

Threads class SMR info:
_java_thread_list=0x000001c2e7e7aa50, length=51, elements={
0x000001c2c6a05000, 0x000001c2e55db800, 0x000001c2e55dc800, 0x000001c2e5f52800,
0x000001c2e5f53000, 0x000001c2e55e9000, 0x000001c2e55ee800, 0x000001c2e55fc000,
0x000001c2e60a5000, 0x000001c2e60bd000, 0x000001c2e7ade800, 0x000001c2e626b800,
0x000001c2e7647000, 0x000001c2e8247000, 0x000001c2e8249800, 0x000001c2e8245800,
0x000001c2e8244800, 0x000001c2e8b94000, 0x000001c2e8b91000, 0x000001c2e8b8d800,
0x000001c2e8b92000, 0x000001c2e8b8e800, 0x000001c2e8b92800, 0x000001c2e8b93800,
0x000001c2e8b95000, 0x000001c2e8b8f800, 0x000001c2e8b96000, 0x000001c2e8b90000,
0x000001c2e8b9a000, 0x000001c2e8b98800, 0x000001c2e8b9a800, 0x000001c2e8b9c800,
0x000001c2e8b9b800, 0x000001c2e8b96800, 0x000001c2e8b97800, 0x000001c2e8246000,
0x000001c2e8243800, 0x000001c2e8248800, 0x000001c2e824a800, 0x000001c2e890c000,
0x000001c2e890b800, 0x000001c2e8909000, 0x000001c2e8909800, 0x000001c2e890a800,
0x000001c2e890d800, 0x000001c2e890d000, 0x000001c2e8908000, 0x000001c2e890f800,
0x000001c2e890e800, 0x000001c2e8910000, 0x000001c2e8914800
}

Java Threads: ( => current thread )
  0x000001c2c6a05000 JavaThread "main" [_thread_blocked, id=10424, stack(0x00000065f3000000,0x00000065f3100000)]
  0x000001c2e55db800 JavaThread "Reference Handler" daemon [_thread_blocked, id=14832, stack(0x00000065f3700000,0x00000065f3800000)]
  0x000001c2e55dc800 JavaThread "Finalizer" daemon [_thread_blocked, id=15844, stack(0x00000065f3800000,0x00000065f3900000)]
  0x000001c2e5f52800 JavaThread "Signal Dispatcher" daemon [_thread_blocked, id=3188, stack(0x00000065f3900000,0x00000065f3a00000)]
  0x000001c2e5f53000 JavaThread "Attach Listener" daemon [_thread_blocked, id=1552, stack(0x00000065f3a00000,0x00000065f3b00000)]
  0x000001c2e55e9000 JavaThread "C2 CompilerThread0" daemon [_thread_in_native, id=16564, stack(0x00000065f3b00000,0x00000065f3c00000)]
  0x000001c2e55ee800 JavaThread "C1 CompilerThread0" daemon [_thread_in_vm, id=14908, stack(0x00000065f3c00000,0x00000065f3d00000)]
  0x000001c2e55fc000 JavaThread "Sweeper thread" daemon [_thread_blocked, id=13196, stack(0x00000065f3d00000,0x00000065f3e00000)]
  0x000001c2e60a5000 JavaThread "Common-Cleaner" daemon [_thread_blocked, id=9092, stack(0x00000065f3e00000,0x00000065f3f00000)]
  0x000001c2e60bd000 JavaThread "Service Thread" daemon [_thread_blocked, id=7132, stack(0x00000065f3f00000,0x00000065f4000000)]
  0x000001c2e7ade800 JavaThread "Daemon health stats" [_thread_blocked, id=14360, stack(0x00000065f4400000,0x00000065f4500000)]
  0x000001c2e626b800 JavaThread "Incoming local TCP Connector on port 60459" [_thread_in_native, id=14788, stack(0x00000065f4100000,0x00000065f4200000)]
  0x000001c2e7647000 JavaThread "Daemon periodic checks" [_thread_blocked, id=13032, stack(0x00000065f4500000,0x00000065f4600000)]
  0x000001c2e8247000 JavaThread "Cache worker for journal cache (C:\Users\AlexeiZhautok\.gradle\caches\journal-1)" [_thread_blocked, id=6672, stack(0x00000065f4e00000,0x00000065f4f00000)]
  0x000001c2e8249800 JavaThread "File lock request listener" [_thread_in_native, id=7184, stack(0x00000065f4f00000,0x00000065f5000000)]
  0x000001c2e8245800 JavaThread "Cache worker for file hash cache (C:\Users\AlexeiZhautok\.gradle\caches\6.1.1\fileHashes)" [_thread_blocked, id=7860, stack(0x00000065f5000000,0x00000065f5100000)]
  0x000001c2e8244800 JavaThread "Cache worker for execution history cache (C:\Users\AlexeiZhautok\.gradle\caches\6.1.1\executionHistory)" [_thread_blocked, id=14312, stack(0x00000065f5600000,0x00000065f5700000)]
  0x000001c2e8b94000 JavaThread "Memory manager" [_thread_blocked, id=15968, stack(0x00000065f5c00000,0x00000065f5d00000)]
  0x000001c2e8b91000 JavaThread "Cache worker for file content cache (C:\Users\AlexeiZhautok\.gradle\caches\6.1.1\fileContent)" [_thread_blocked, id=15732, stack(0x00000065f5d00000,0x00000065f5e00000)]
  0x000001c2e8b8d800 JavaThread "Daemon Thread 2" [_thread_blocked, id=12716, stack(0x00000065f2d00000,0x00000065f2e00000)]
  0x000001c2e8b92000 JavaThread "Handler for socket connection from /127.0.0.1:60459 to /127.0.0.1:60502" [_thread_in_native, id=12684, stack(0x00000065f2e00000,0x00000065f2f00000)]
  0x000001c2e8b8e800 JavaThread "Cancel handler" [_thread_blocked, id=6692, stack(0x00000065f2f00000,0x00000065f3000000)]
  0x000001c2e8b92800 JavaThread "Daemon worker Thread 2" [_thread_blocked, id=10296, stack(0x00000065f4600000,0x00000065f4700000)]
  0x000001c2e8b93800 JavaThread "Asynchronous log dispatcher for DefaultDaemonConnection: socket connection from /127.0.0.1:60459 to /127.0.0.1:60502" [_thread_blocked, id=676, stack(0x00000065f4700000,0x00000065f4800000)]
  0x000001c2e8b95000 JavaThread "Stdin handler" [_thread_blocked, id=11372, stack(0x00000065f4900000,0x00000065f4a00000)]
  0x000001c2e8b8f800 JavaThread "Thread-37" [_thread_blocked, id=12988, stack(0x00000065f4a00000,0x00000065f4b00000)]
  0x000001c2e8b96000 JavaThread "Cache worker for checksums cache (E:\Android\Task1\android-university\lab2\.gradle\checksums)" [_thread_blocked, id=17208, stack(0x00000065f4b00000,0x00000065f4c00000)]
  0x000001c2e8b90000 JavaThread "Cache worker for file hash cache (E:\Android\Task1\android-university\lab2\.gradle\6.1.1\fileHashes)" [_thread_blocked, id=11724, stack(0x00000065f4c00000,0x00000065f4d00000)]
  0x000001c2e8b9a000 JavaThread "Cache worker for cache directory md-supplier (C:\Users\AlexeiZhautok\.gradle\caches\6.1.1\md-supplier)" [_thread_blocked, id=200, stack(0x00000065f4d00000,0x00000065f4e00000)]
  0x000001c2e8b98800 JavaThread "Cache worker for cache directory md-rule (C:\Users\AlexeiZhautok\.gradle\caches\6.1.1\md-rule)" [_thread_blocked, id=12880, stack(0x00000065f5100000,0x00000065f5200000)]
  0x000001c2e8b9a800 JavaThread "Build operations" [_thread_blocked, id=12752, stack(0x00000065f5300000,0x00000065f5400000)]
  0x000001c2e8b9c800 JavaThread "Build operations Thread 2" [_thread_blocked, id=11636, stack(0x00000065f5400000,0x00000065f5500000)]
  0x000001c2e8b9b800 JavaThread "Build operations Thread 3" [_thread_blocked, id=10924, stack(0x00000065f5500000,0x00000065f5600000)]
  0x000001c2e8b96800 JavaThread "Build operations Thread 4" [_thread_blocked, id=11380, stack(0x00000065f5700000,0x00000065f5800000)]
  0x000001c2e8b97800 JavaThread "Cache worker for Build Output Cleanup Cache (E:\Android\Task1\android-university\lab2\.gradle\buildOutputCleanup)" [_thread_blocked, id=10944, stack(0x00000065f5800000,0x00000065f5900000)]
  0x000001c2e8246000 JavaThread "Cache worker for file content cache (E:\Android\Task1\android-university\lab2\.gradle\6.1.1\fileContent)" [_thread_blocked, id=9472, stack(0x00000065f5900000,0x00000065f5a00000)]
  0x000001c2e8243800 JavaThread "Execution worker for ':'" [_thread_in_Java, id=1848, stack(0x00000065f5a00000,0x00000065f5b00000)]
  0x000001c2e8248800 JavaThread "Execution worker for ':' Thread 2" [_thread_blocked, id=11456, stack(0x00000065f5b00000,0x00000065f5c00000)]
  0x000001c2e824a800 JavaThread "Execution worker for ':' Thread 3" [_thread_in_native, id=12384, stack(0x00000065f5e00000,0x00000065f5f00000)]
  0x000001c2e890c000 JavaThread "Cache worker for execution history cache (E:\Android\Task1\android-university\lab2\.gradle\6.1.1\executionHistory)" [_thread_blocked, id=7180, stack(0x00000065f5f00000,0x00000065f6000000)]
  0x000001c2e890b800 JavaThread "WorkerExecutor Queue" [_thread_in_Java, id=13092, stack(0x00000065f6000000,0x00000065f6100000)]
  0x000001c2e8909000 JavaThread "WorkerExecutor Queue Thread 2" [_thread_in_native, id=13932, stack(0x00000065f6100000,0x00000065f6200000)]
  0x000001c2e8909800 JavaThread "pool-4-thread-1" [_thread_blocked, id=17164, stack(0x00000065f6200000,0x00000065f6300000)]
  0x000001c2e890a800 JavaThread "stderr" [_thread_in_native, id=5844, stack(0x00000065f6400000,0x00000065f6500000)]
  0x000001c2e890d800 JavaThread "stdout" [_thread_in_native, id=9696, stack(0x00000065f6500000,0x00000065f6600000)]
  0x000001c2e890d000 JavaThread "Cache worker for Java compile cache (C:\Users\AlexeiZhautok\.gradle\caches\6.1.1\javaCompile)" [_thread_blocked, id=1180, stack(0x00000065f5200000,0x00000065f5300000)]
  0x000001c2e8908000 JavaThread "Cache worker for Java compile cache (E:\Android\Task1\android-university\lab2\.gradle\6.1.1\javaCompile)" [_thread_blocked, id=8184, stack(0x00000065f6600000,0x00000065f6700000)]
  0x000001c2e890f800 JavaThread "WorkerExecutor Queue Thread 3" [_thread_blocked, id=4996, stack(0x00000065f6800000,0x00000065f6900000)]
  0x000001c2e890e800 JavaThread "WorkerExecutor Queue Thread 4" [_thread_blocked, id=14948, stack(0x00000065f6900000,0x00000065f6a00000)]
  0x000001c2e8910000 JavaThread "WorkerExecutor Queue Thread 5" [_thread_blocked, id=13940, stack(0x00000065f6a00000,0x00000065f6b00000)]
=>0x000001c2e8914800 JavaThread "C2 CompilerThread1" daemon [_thread_in_native, id=9756, stack(0x00000065f6b00000,0x00000065f6c00000)]

Other Threads:
  0x000001c2e55c6800 VMThread "VM Thread" [stack: 0x00000065f3600000,0x00000065f3700000] [id=9976]
  0x000001c2e60be000 WatcherThread [stack: 0x00000065f4000000,0x00000065f4100000] [id=12276]
  0x000001c2c6a1c800 GCTaskThread "GC Thread#0" [stack: 0x00000065f3100000,0x00000065f3200000] [id=5388]
  0x000001c2e6390000 GCTaskThread "GC Thread#1" [stack: 0x00000065f4200000,0x00000065f4300000] [id=16940]
  0x000001c2e6341800 GCTaskThread "GC Thread#2" [stack: 0x00000065f4300000,0x00000065f4400000] [id=2628]
  0x000001c2e81c5000 GCTaskThread "GC Thread#3" [stack: 0x00000065f4800000,0x00000065f4900000] [id=7984]
  0x000001c2c6a4c800 ConcurrentGCThread "G1 Main Marker" [stack: 0x00000065f3200000,0x00000065f3300000] [id=17016]
  0x000001c2c6a4e000 ConcurrentGCThread "G1 Conc#0" [stack: 0x00000065f3300000,0x00000065f3400000] [id=12492]
  0x000001c2c6ade000 ConcurrentGCThread "G1 Refine#0" [stack: 0x00000065f3400000,0x00000065f3500000] [id=15924]
  0x000001c2e5414800 ConcurrentGCThread "G1 Young RemSet Sampling" [stack: 0x00000065f3500000,0x00000065f3600000] [id=14872]

Threads with active compile tasks:
C2 CompilerThread013598       4       com.android.tools.r8.u.b.n::a (130 bytes)
C1 CompilerThread013792       2       com.android.tools.r8.v.a.a.a.h.h::<init> (5 bytes)
C2 CompilerThread113353 %     4       com.android.tools.r8.B.a.a.f::a @ 66 (6062 bytes)

VM state:not at safepoint (normal execution)

VM Mutex/Monitor currently owned by a thread: None

Heap address: 0x0000000080000000, size: 2048 MB, Compressed Oops mode: 32-bit
Narrow klass base: 0x0000000000000000, Narrow klass shift: 3
Compressed class space size: 1073741824 Address: 0x0000000100000000

Heap:
 garbage-first heap   total 155648K, used 106714K [0x0000000080000000, 0x0000000100000000)
  region size 1024K, 13 young (13312K), 3 survivors (3072K)
 Metaspace       used 99306K, capacity 101768K, committed 101840K, reserved 1138688K
  class space    used 12509K, capacity 13383K, committed 13440K, reserved 1048576K
Heap Regions: E=young(eden), S=young(survivor), O=old, HS=humongous(starts), HC=humongous(continues), CS=collection set, F=free, A=archive, TAMS=top-at-mark-start (previous, next)
|   0|0x0000000080000000, 0x0000000080100000, 0x0000000080100000|100%| O|  |TAMS 0x0000000080100000, 0x0000000080100000| Untracked 
|   1|0x0000000080100000, 0x0000000080200000, 0x0000000080200000|100%| O|  |TAMS 0x0000000080200000, 0x0000000080200000| Untracked 
|   2|0x0000000080200000, 0x0000000080300000, 0x0000000080300000|100%| O|  |TAMS 0x0000000080300000, 0x0000000080300000| Untracked 
|   3|0x0000000080300000, 0x0000000080400000, 0x0000000080400000|100%|HS|  |TAMS 0x0000000080400000, 0x0000000080400000| Complete 
|   4|0x0000000080400000, 0x0000000080500000, 0x0000000080500000|100%|HC|  |TAMS 0x0000000080500000, 0x0000000080500000| Complete 
|   5|0x0000000080500000, 0x0000000080600000, 0x0000000080600000|100%|HC|  |TAMS 0x0000000080600000, 0x0000000080600000| Complete 
|   6|0x0000000080600000, 0x0000000080700000, 0x0000000080700000|100%| O|  |TAMS 0x0000000080700000, 0x0000000080700000| Untracked 
|   7|0x0000000080700000, 0x0000000080800000, 0x0000000080800000|100%| O|  |TAMS 0x0000000080800000, 0x0000000080800000| Untracked 
|   8|0x0000000080800000, 0x0000000080900000, 0x0000000080900000|100%| O|  |TAMS 0x0000000080900000, 0x0000000080900000| Untracked 
|   9|0x0000000080900000, 0x0000000080a00000, 0x0000000080a00000|100%| O|  |TAMS 0x0000000080a00000, 0x0000000080a00000| Untracked 
|  10|0x0000000080a00000, 0x0000000080b00000, 0x0000000080b00000|100%| O|  |TAMS 0x0000000080b00000, 0x0000000080b00000| Untracked 
|  11|0x0000000080b00000, 0x0000000080c00000, 0x0000000080c00000|100%|HS|  |TAMS 0x0000000080c00000, 0x0000000080c00000| Complete 
|  12|0x0000000080c00000, 0x0000000080d00000, 0x0000000080d00000|100%|HC|  |TAMS 0x0000000080d00000, 0x0000000080d00000| Complete 
|  13|0x0000000080d00000, 0x0000000080e00000, 0x0000000080e00000|100%|HS|  |TAMS 0x0000000080e00000, 0x0000000080e00000| Complete 
|  14|0x0000000080e00000, 0x0000000080f00000, 0x0000000080f00000|100%|HC|  |TAMS 0x0000000080f00000, 0x0000000080f00000| Complete 
|  15|0x0000000080f00000, 0x0000000081000000, 0x0000000081000000|100%|HC|  |TAMS 0x0000000081000000, 0x0000000081000000| Complete 
|  16|0x0000000081000000, 0x0000000081100000, 0x0000000081100000|100%|HS|  |TAMS 0x0000000081100000, 0x0000000081100000| Complete 
|  17|0x0000000081100000, 0x0000000081200000, 0x0000000081200000|100%|HC|  |TAMS 0x0000000081200000, 0x0000000081200000| Complete 
|  18|0x0000000081200000, 0x0000000081300000, 0x0000000081300000|100%|HC|  |TAMS 0x0000000081300000, 0x0000000081300000| Complete 
|  19|0x0000000081300000, 0x0000000081400000, 0x0000000081400000|100%|HC|  |TAMS 0x0000000081400000, 0x0000000081400000| Complete 
|  20|0x0000000081400000, 0x0000000081500000, 0x0000000081500000|100%| O|  |TAMS 0x0000000081500000, 0x0000000081500000| Untracked 
|  21|0x0000000081500000, 0x0000000081600000, 0x0000000081600000|100%| O|  |TAMS 0x0000000081600000, 0x0000000081600000| Untracked 
|  22|0x0000000081600000, 0x0000000081700000, 0x0000000081700000|100%| O|  |TAMS 0x0000000081700000, 0x0000000081700000| Untracked 
|  23|0x0000000081700000, 0x0000000081800000, 0x0000000081800000|100%| O|  |TAMS 0x0000000081800000, 0x0000000081800000| Untracked 
|  24|0x0000000081800000, 0x0000000081900000, 0x0000000081900000|100%| O|  |TAMS 0x0000000081900000, 0x0000000081900000| Untracked 
|  25|0x0000000081900000, 0x0000000081a00000, 0x0000000081a00000|100%| O|  |TAMS 0x0000000081a00000, 0x0000000081a00000| Untracked 
|  26|0x0000000081a00000, 0x0000000081b00000, 0x0000000081b00000|100%| O|  |TAMS 0x0000000081b00000, 0x0000000081b00000| Untracked 
|  27|0x0000000081b00000, 0x0000000081c00000, 0x0000000081c00000|100%| O|  |TAMS 0x0000000081c00000, 0x0000000081c00000| Untracked 
|  28|0x0000000081c00000, 0x0000000081d00000, 0x0000000081d00000|100%| O|  |TAMS 0x0000000081d00000, 0x0000000081d00000| Untracked 
|  29|0x0000000081d00000, 0x0000000081e00000, 0x0000000081e00000|100%|HS|  |TAMS 0x0000000081e00000, 0x0000000081e00000| Complete 
|  30|0x0000000081e00000, 0x0000000081f00000, 0x0000000081f00000|100%|HC|  |TAMS 0x0000000081f00000, 0x0000000081f00000| Complete 
|  31|0x0000000081f00000, 0x0000000082000000, 0x0000000082000000|100%|HC|  |TAMS 0x0000000082000000, 0x0000000082000000| Complete 
|  32|0x0000000082000000, 0x0000000082100000, 0x0000000082100000|100%|HS|  |TAMS 0x0000000082100000, 0x0000000082100000| Complete 
|  33|0x0000000082100000, 0x0000000082200000, 0x0000000082200000|100%|HC|  |TAMS 0x0000000082200000, 0x0000000082200000| Complete 
|  34|0x0000000082200000, 0x0000000082300000, 0x0000000082300000|100%| O|  |TAMS 0x0000000082300000, 0x0000000082300000| Untracked 
|  35|0x0000000082300000, 0x0000000082400000, 0x0000000082400000|100%| O|  |TAMS 0x0000000082400000, 0x0000000082400000| Untracked 
|  36|0x0000000082400000, 0x0000000082500000, 0x0000000082500000|100%| O|  |TAMS 0x0000000082500000, 0x0000000082500000| Untracked 
|  37|0x0000000082500000, 0x0000000082600000, 0x0000000082600000|100%| O|  |TAMS 0x0000000082600000, 0x0000000082600000| Untracked 
|  38|0x0000000082600000, 0x0000000082700000, 0x0000000082700000|100%| O|  |TAMS 0x0000000082700000, 0x0000000082700000| Untracked 
|  39|0x0000000082700000, 0x0000000082800000, 0x0000000082800000|100%| O|  |TAMS 0x0000000082800000, 0x0000000082800000| Untracked 
|  40|0x0000000082800000, 0x0000000082900000, 0x0000000082900000|100%| O|  |TAMS 0x0000000082900000, 0x0000000082900000| Untracked 
|  41|0x0000000082900000, 0x0000000082a00000, 0x0000000082a00000|100%| O|  |TAMS 0x0000000082a00000, 0x0000000082a00000| Untracked 
|  42|0x0000000082a00000, 0x0000000082b00000, 0x0000000082b00000|100%| O|  |TAMS 0x0000000082b00000, 0x0000000082b00000| Untracked 
|  43|0x0000000082b00000, 0x0000000082c00000, 0x0000000082c00000|100%| O|  |TAMS 0x0000000082c00000, 0x0000000082c00000| Untracked 
|  44|0x0000000082c00000, 0x0000000082d00000, 0x0000000082d00000|100%| O|  |TAMS 0x0000000082d00000, 0x0000000082d00000| Untracked 
|  45|0x0000000082d00000, 0x0000000082e00000, 0x0000000082e00000|100%| O|  |TAMS 0x0000000082e00000, 0x0000000082e00000| Untracked 
|  46|0x0000000082e00000, 0x0000000082f00000, 0x0000000082f00000|100%| O|  |TAMS 0x0000000082f00000, 0x0000000082f00000| Untracked 
|  47|0x0000000082f00000, 0x0000000083000000, 0x0000000083000000|100%| O|  |TAMS 0x0000000083000000, 0x0000000083000000| Untracked 
|  48|0x0000000083000000, 0x0000000083100000, 0x0000000083100000|100%| O|  |TAMS 0x0000000083100000, 0x0000000083100000| Untracked 
|  49|0x0000000083100000, 0x0000000083200000, 0x0000000083200000|100%| O|  |TAMS 0x0000000083200000, 0x0000000083200000| Untracked 
|  50|0x0000000083200000, 0x0000000083300000, 0x0000000083300000|100%| O|  |TAMS 0x0000000083300000, 0x0000000083300000| Untracked 
|  51|0x0000000083300000, 0x0000000083400000, 0x0000000083400000|100%| O|  |TAMS 0x0000000083400000, 0x0000000083400000| Untracked 
|  52|0x0000000083400000, 0x0000000083400000, 0x0000000083500000|  0%| F|  |TAMS 0x0000000083400000, 0x0000000083400000| Untracked 
|  53|0x0000000083500000, 0x0000000083600000, 0x0000000083600000|100%| O|  |TAMS 0x0000000083600000, 0x0000000083600000| Untracked 
|  54|0x0000000083600000, 0x0000000083700000, 0x0000000083700000|100%| O|  |TAMS 0x0000000083700000, 0x0000000083700000| Untracked 
|  55|0x0000000083700000, 0x0000000083800000, 0x0000000083800000|100%| O|  |TAMS 0x0000000083800000, 0x0000000083800000| Untracked 
|  56|0x0000000083800000, 0x0000000083900000, 0x0000000083900000|100%| O|  |TAMS 0x0000000083900000, 0x0000000083900000| Untracked 
|  57|0x0000000083900000, 0x0000000083a00000, 0x0000000083a00000|100%| O|  |TAMS 0x0000000083a00000, 0x0000000083a00000| Untracked 
|  58|0x0000000083a00000, 0x0000000083b00000, 0x0000000083b00000|100%| O|  |TAMS 0x0000000083b00000, 0x0000000083b00000| Untracked 
|  59|0x0000000083b00000, 0x0000000083c00000, 0x0000000083c00000|100%| O|  |TAMS 0x0000000083c00000, 0x0000000083c00000| Untracked 
|  60|0x0000000083c00000, 0x0000000083d00000, 0x0000000083d00000|100%| O|  |TAMS 0x0000000083d00000, 0x0000000083d00000| Untracked 
|  61|0x0000000083d00000, 0x0000000083e00000, 0x0000000083e00000|100%| O|  |TAMS 0x0000000083e00000, 0x0000000083e00000| Untracked 
|  62|0x0000000083e00000, 0x0000000083f00000, 0x0000000083f00000|100%| O|  |TAMS 0x0000000083f00000, 0x0000000083f00000| Untracked 
|  63|0x0000000083f00000, 0x0000000084000000, 0x0000000084000000|100%| O|  |TAMS 0x0000000083f00000, 0x0000000084000000| Untracked 
|  64|0x0000000084000000, 0x0000000084100000, 0x0000000084100000|100%| O|  |TAMS 0x0000000084100000, 0x0000000084100000| Untracked 
|  65|0x0000000084100000, 0x0000000084200000, 0x0000000084200000|100%| O|  |TAMS 0x0000000084200000, 0x0000000084200000| Untracked 
|  66|0x0000000084200000, 0x0000000084200000, 0x0000000084300000|  0%| F|  |TAMS 0x0000000084200000, 0x0000000084200000| Untracked 
|  67|0x0000000084300000, 0x0000000084400000, 0x0000000084400000|100%| O|  |TAMS 0x0000000084400000, 0x0000000084400000| Untracked 
|  68|0x0000000084400000, 0x0000000084500000, 0x0000000084500000|100%| O|  |TAMS 0x0000000084500000, 0x0000000084500000| Untracked 
|  69|0x0000000084500000, 0x0000000084500000, 0x0000000084600000|  0%| F|  |TAMS 0x0000000084500000, 0x0000000084500000| Untracked 
|  70|0x0000000084600000, 0x0000000084600000, 0x0000000084700000|  0%| F|  |TAMS 0x0000000084600000, 0x0000000084600000| Untracked 
|  71|0x0000000084700000, 0x0000000084800000, 0x0000000084800000|100%|HS|  |TAMS 0x0000000084800000, 0x0000000084800000| Complete 
|  72|0x0000000084800000, 0x0000000084900000, 0x0000000084900000|100%|HC|  |TAMS 0x0000000084900000, 0x0000000084900000| Complete 
|  73|0x0000000084900000, 0x0000000084a00000, 0x0000000084a00000|100%| O|  |TAMS 0x0000000084a00000, 0x0000000084a00000| Untracked 
|  74|0x0000000084a00000, 0x0000000084b00000, 0x0000000084b00000|100%| O|  |TAMS 0x0000000084b00000, 0x0000000084b00000| Untracked 
|  75|0x0000000084b00000, 0x0000000084b00000, 0x0000000084c00000|  0%| F|  |TAMS 0x0000000084b00000, 0x0000000084b00000| Untracked 
|  76|0x0000000084c00000, 0x0000000084d00000, 0x0000000084d00000|100%| O|  |TAMS 0x0000000084d00000, 0x0000000084d00000| Untracked 
|  77|0x0000000084d00000, 0x0000000084e00000, 0x0000000084e00000|100%| O|  |TAMS 0x0000000084e00000, 0x0000000084e00000| Untracked 
|  78|0x0000000084e00000, 0x0000000084f00000, 0x0000000084f00000|100%| O|  |TAMS 0x0000000084f00000, 0x0000000084f00000| Untracked 
|  79|0x0000000084f00000, 0x0000000085000000, 0x0000000085000000|100%| O|  |TAMS 0x0000000085000000, 0x0000000085000000| Untracked 
|  80|0x0000000085000000, 0x0000000085100000, 0x0000000085100000|100%| O|  |TAMS 0x0000000085100000, 0x0000000085100000| Untracked 
|  81|0x0000000085100000, 0x0000000085100000, 0x0000000085200000|  0%| F|  |TAMS 0x0000000085100000, 0x0000000085100000| Untracked 
|  82|0x0000000085200000, 0x0000000085200000, 0x0000000085300000|  0%| F|  |TAMS 0x0000000085200000, 0x0000000085200000| Untracked 
|  83|0x0000000085300000, 0x0000000085400000, 0x0000000085400000|100%| O|  |TAMS 0x0000000085400000, 0x0000000085400000| Untracked 
|  84|0x0000000085400000, 0x0000000085500000, 0x0000000085500000|100%| O|  |TAMS 0x0000000085500000, 0x0000000085500000| Untracked 
|  85|0x0000000085500000, 0x0000000085600000, 0x0000000085600000|100%| O|  |TAMS 0x0000000085600000, 0x0000000085600000| Untracked 
|  86|0x0000000085600000, 0x0000000085700000, 0x0000000085700000|100%| O|  |TAMS 0x0000000085700000, 0x0000000085700000| Untracked 
|  87|0x0000000085700000, 0x0000000085800000, 0x0000000085800000|100%| O|  |TAMS 0x0000000085800000, 0x0000000085800000| Untracked 
|  88|0x0000000085800000, 0x0000000085900000, 0x0000000085900000|100%| O|  |TAMS 0x0000000085900000, 0x0000000085900000| Untracked 
|  89|0x0000000085900000, 0x0000000085a00000, 0x0000000085a00000|100%| O|  |TAMS 0x0000000085a00000, 0x0000000085a00000| Untracked 
|  90|0x0000000085a00000, 0x0000000085b00000, 0x0000000085b00000|100%| O|  |TAMS 0x0000000085b00000, 0x0000000085b00000| Untracked 
|  91|0x0000000085b00000, 0x0000000085c00000, 0x0000000085c00000|100%| O|  |TAMS 0x0000000085c00000, 0x0000000085c00000| Untracked 
|  92|0x0000000085c00000, 0x0000000085d00000, 0x0000000085d00000|100%| O|  |TAMS 0x0000000085d00000, 0x0000000085d00000| Untracked 
|  93|0x0000000085d00000, 0x0000000085e00000, 0x0000000085e00000|100%| O|  |TAMS 0x0000000085db2a00, 0x0000000085e00000| Untracked 
|  94|0x0000000085e00000, 0x0000000085f00000, 0x0000000085f00000|100%| O|  |TAMS 0x0000000085e00000, 0x0000000085f00000| Untracked 
|  95|0x0000000085f00000, 0x0000000086000000, 0x0000000086000000|100%| O|  |TAMS 0x0000000085f00000, 0x0000000086000000| Untracked 
|  96|0x0000000086000000, 0x0000000086100000, 0x0000000086100000|100%| O|  |TAMS 0x0000000086000000, 0x0000000086100000| Untracked 
|  97|0x0000000086100000, 0x0000000086200000, 0x0000000086200000|100%| O|  |TAMS 0x0000000086100000, 0x0000000086200000| Untracked 
|  98|0x0000000086200000, 0x0000000086300000, 0x0000000086300000|100%| O|  |TAMS 0x0000000086200000, 0x0000000086300000| Untracked 
|  99|0x0000000086300000, 0x00000000863b2200, 0x0000000086400000| 69%| O|  |TAMS 0x0000000086300000, 0x00000000863b2200| Untracked 
| 100|0x0000000086400000, 0x0000000086400000, 0x0000000086500000|  0%| F|  |TAMS 0x0000000086400000, 0x0000000086400000| Untracked 
| 101|0x0000000086500000, 0x0000000086500000, 0x0000000086600000|  0%| F|  |TAMS 0x0000000086500000, 0x0000000086500000| Untracked 
| 102|0x0000000086600000, 0x0000000086600000, 0x0000000086700000|  0%| F|  |TAMS 0x0000000086600000, 0x0000000086600000| Untracked 
| 103|0x0000000086700000, 0x0000000086700000, 0x0000000086800000|  0%| F|  |TAMS 0x0000000086700000, 0x0000000086700000| Untracked 
| 104|0x0000000086800000, 0x0000000086800000, 0x0000000086900000|  0%| F|  |TAMS 0x0000000086800000, 0x0000000086800000| Untracked 
| 105|0x0000000086900000, 0x0000000086900000, 0x0000000086a00000|  0%| F|  |TAMS 0x0000000086900000, 0x0000000086900000| Untracked 
| 106|0x0000000086a00000, 0x0000000086a00000, 0x0000000086b00000|  0%| F|  |TAMS 0x0000000086a00000, 0x0000000086a00000| Untracked 
| 107|0x0000000086b00000, 0x0000000086b00000, 0x0000000086c00000|  0%| F|  |TAMS 0x0000000086b00000, 0x0000000086b00000| Untracked 
| 108|0x0000000086c00000, 0x0000000086c00000, 0x0000000086d00000|  0%| F|  |TAMS 0x0000000086c00000, 0x0000000086c00000| Untracked 
| 109|0x0000000086d00000, 0x0000000086d00000, 0x0000000086e00000|  0%| F|  |TAMS 0x0000000086d00000, 0x0000000086d00000| Untracked 
| 110|0x0000000086e00000, 0x0000000086e00000, 0x0000000086f00000|  0%| F|  |TAMS 0x0000000086e00000, 0x0000000086e00000| Untracked 
| 111|0x0000000086f00000, 0x0000000086f00000, 0x0000000087000000|  0%| F|  |TAMS 0x0000000086f00000, 0x0000000086f00000| Untracked 
| 112|0x0000000087000000, 0x0000000087000000, 0x0000000087100000|  0%| F|  |TAMS 0x0000000087000000, 0x0000000087000000| Untracked 
| 113|0x0000000087100000, 0x0000000087100000, 0x0000000087200000|  0%| F|  |TAMS 0x0000000087100000, 0x0000000087100000| Untracked 
| 114|0x0000000087200000, 0x0000000087200000, 0x0000000087300000|  0%| F|  |TAMS 0x0000000087200000, 0x0000000087200000| Untracked 
| 115|0x0000000087300000, 0x0000000087300000, 0x0000000087400000|  0%| F|  |TAMS 0x0000000087300000, 0x0000000087300000| Untracked 
| 116|0x0000000087400000, 0x0000000087400000, 0x0000000087500000|  0%| F|  |TAMS 0x0000000087400000, 0x0000000087400000| Untracked 
| 117|0x0000000087500000, 0x0000000087500000, 0x0000000087600000|  0%| F|  |TAMS 0x0000000087500000, 0x0000000087500000| Untracked 
| 118|0x0000000087600000, 0x0000000087600000, 0x0000000087700000|  0%| F|  |TAMS 0x0000000087600000, 0x0000000087600000| Untracked 
| 119|0x0000000087700000, 0x00000000877847b0, 0x0000000087800000| 51%| S|CS|TAMS 0x0000000087700000, 0x0000000087700000| Complete 
| 120|0x0000000087800000, 0x0000000087900000, 0x0000000087900000|100%| S|CS|TAMS 0x0000000087800000, 0x0000000087800000| Complete 
| 121|0x0000000087900000, 0x0000000087a00000, 0x0000000087a00000|100%| S|CS|TAMS 0x0000000087900000, 0x0000000087900000| Complete 
| 122|0x0000000087a00000, 0x0000000087a00000, 0x0000000087b00000|  0%| F|  |TAMS 0x0000000087a00000, 0x0000000087a00000| Untracked 
| 123|0x0000000087b00000, 0x0000000087b00000, 0x0000000087c00000|  0%| F|  |TAMS 0x0000000087b00000, 0x0000000087b00000| Untracked 
| 124|0x0000000087c00000, 0x0000000087c00000, 0x0000000087d00000|  0%| F|  |TAMS 0x0000000087c00000, 0x0000000087c00000| Untracked 
| 125|0x0000000087d00000, 0x0000000087d00000, 0x0000000087e00000|  0%| F|  |TAMS 0x0000000087d00000, 0x0000000087d00000| Untracked 
| 126|0x0000000087e00000, 0x0000000087e00000, 0x0000000087f00000|  0%| F|  |TAMS 0x0000000087e00000, 0x0000000087e00000| Untracked 
| 127|0x0000000087f00000, 0x0000000087f00000, 0x0000000088000000|  0%| F|  |TAMS 0x0000000087f00000, 0x0000000087f00000| Untracked 
| 128|0x0000000088000000, 0x0000000088000000, 0x0000000088100000|  0%| F|  |TAMS 0x0000000088000000, 0x0000000088000000| Untracked 
| 129|0x0000000088100000, 0x0000000088100000, 0x0000000088200000|  0%| F|  |TAMS 0x0000000088100000, 0x0000000088100000| Untracked 
| 130|0x0000000088200000, 0x0000000088200000, 0x0000000088300000|  0%| F|  |TAMS 0x0000000088200000, 0x0000000088200000| Untracked 
| 131|0x0000000088300000, 0x0000000088300000, 0x0000000088400000|  0%| F|  |TAMS 0x0000000088300000, 0x0000000088300000| Untracked 
| 132|0x0000000088400000, 0x0000000088400000, 0x0000000088500000|  0%| F|  |TAMS 0x0000000088400000, 0x0000000088400000| Untracked 
| 133|0x0000000088500000, 0x0000000088500000, 0x0000000088600000|  0%| F|  |TAMS 0x0000000088500000, 0x0000000088500000| Untracked 
| 134|0x0000000088600000, 0x0000000088600000, 0x0000000088700000|  0%| F|  |TAMS 0x0000000088600000, 0x0000000088600000| Untracked 
| 135|0x0000000088700000, 0x0000000088700000, 0x0000000088800000|  0%| F|  |TAMS 0x0000000088700000, 0x0000000088700000| Untracked 
| 136|0x0000000088800000, 0x0000000088800000, 0x0000000088900000|  0%| F|  |TAMS 0x0000000088800000, 0x0000000088800000| Untracked 
| 137|0x0000000088900000, 0x0000000088900000, 0x0000000088a00000|  0%| F|  |TAMS 0x0000000088900000, 0x0000000088900000| Untracked 
| 138|0x0000000088a00000, 0x0000000088a00000, 0x0000000088b00000|  0%| F|  |TAMS 0x0000000088a00000, 0x0000000088a00000| Untracked 
| 139|0x0000000088b00000, 0x0000000088b00000, 0x0000000088c00000|  0%| F|  |TAMS 0x0000000088b00000, 0x0000000088b00000| Untracked 
| 140|0x0000000088c00000, 0x0000000088c00000, 0x0000000088d00000|  0%| F|  |TAMS 0x0000000088c00000, 0x0000000088c00000| Untracked 
| 141|0x0000000088d00000, 0x0000000088d00000, 0x0000000088e00000|  0%| F|  |TAMS 0x0000000088d00000, 0x0000000088d00000| Untracked 
| 142|0x0000000088e00000, 0x0000000088eb3080, 0x0000000088f00000| 69%| E|  |TAMS 0x0000000088e00000, 0x0000000088e00000| Complete 
| 143|0x0000000088f00000, 0x0000000089000000, 0x0000000089000000|100%| E|CS|TAMS 0x0000000088f00000, 0x0000000088f00000| Complete 
| 144|0x0000000089000000, 0x0000000089100000, 0x0000000089100000|100%| E|CS|TAMS 0x0000000089000000, 0x0000000089000000| Complete 
| 145|0x0000000089100000, 0x0000000089200000, 0x0000000089200000|100%| E|CS|TAMS 0x0000000089100000, 0x0000000089100000| Complete 
| 146|0x0000000089200000, 0x0000000089300000, 0x0000000089300000|100%| E|CS|TAMS 0x0000000089200000, 0x0000000089200000| Complete 
| 147|0x0000000089300000, 0x0000000089400000, 0x0000000089400000|100%| E|CS|TAMS 0x0000000089300000, 0x0000000089300000| Complete 
| 148|0x0000000089400000, 0x0000000089500000, 0x0000000089500000|100%| E|CS|TAMS 0x0000000089400000, 0x0000000089400000| Complete 
| 149|0x0000000089500000, 0x0000000089600000, 0x0000000089600000|100%| E|CS|TAMS 0x0000000089500000, 0x0000000089500000| Complete 
| 150|0x0000000089600000, 0x0000000089700000, 0x0000000089700000|100%| E|CS|TAMS 0x0000000089600000, 0x0000000089600000| Complete 
| 151|0x0000000089700000, 0x0000000089800000, 0x0000000089800000|100%| E|CS|TAMS 0x0000000089700000, 0x0000000089700000| Complete 

Card table byte_map: [0x000001c2de7d0000,0x000001c2debd0000] _byte_map_base: 0x000001c2de3d0000

Marking Bits (Prev, Next): (CMBitMap*) 0x000001c2c6a43e68, (CMBitMap*) 0x000001c2c6a43ea0
 Prev Bits: [0x000001c2defd0000, 0x000001c2e0fd0000)
 Next Bits: [0x000001c2e0fd0000, 0x000001c2e2fd0000)

Polling page: 0x000001c2c50b0000

Metaspace:

Usage:
  Non-class:     86.31 MB capacity,    84.77 MB ( 98%) used,     1.28 MB (  1%) free+waste,   267.75 KB ( <1%) overhead. 
      Class:     13.07 MB capacity,    12.22 MB ( 93%) used,   754.22 KB (  6%) free+waste,   119.75 KB ( <1%) overhead. 
       Both:     99.38 MB capacity,    96.99 MB ( 98%) used,     2.02 MB (  2%) free+waste,   387.50 KB ( <1%) overhead. 

Virtual space:
  Non-class space:       88.00 MB reserved,      86.33 MB ( 98%) committed 
      Class space:        1.00 GB reserved,      13.13 MB (  1%) committed 
             Both:        1.09 GB reserved,      99.45 MB (  9%) committed 

Chunk freelists:
   Non-Class:  1.75 KB
       Class:  0 bytes
        Both:  1.75 KB

CodeHeap 'non-profiled nmethods': size=120064Kb used=7216Kb max_used=7216Kb free=112847Kb
 bounds [0x000001c2d6870000, 0x000001c2d6f80000, 0x000001c2dddb0000]
CodeHeap 'profiled nmethods': size=120000Kb used=27611Kb max_used=27611Kb free=92388Kb
 bounds [0x000001c2cf340000, 0x000001c2d0e50000, 0x000001c2d6870000]
CodeHeap 'non-nmethods': size=5696Kb used=2303Kb max_used=2342Kb free=3392Kb
 bounds [0x000001c2cedb0000, 0x000001c2cf020000, 0x000001c2cf340000]
 total_blobs=18078 nmethods=12432 adapters=814
 compilation: enabled
              stopped_count=0, restarted_count=0
 full_count=0

Compilation events (10 events):
Event: 155.548 Thread 0x000001c2e55ee800 nmethod 13533 0x000001c2d0d3e210 code [0x000001c2d0d3e420, 0x000001c2d0d3eb70]
Event: 155.548 Thread 0x000001c2e55ee800 13538       3       com.android.tools.r8.ir.optimize.C::doHash (129 bytes)
Event: 155.549 Thread 0x000001c2e55ee800 nmethod 13538 0x000001c2d0d3ed10 code [0x000001c2d0d3efc0, 0x000001c2d0d40040]
Event: 155.549 Thread 0x000001c2e55ee800 13540       3       com.android.tools.r8.v.a.a.a.h.K$f::hasNext (14 bytes)
Event: 155.549 Thread 0x000001c2e55ee800 nmethod 13540 0x000001c2d0d40490 code [0x000001c2d0d40640, 0x000001c2d0d407f8]
Event: 155.549 Thread 0x000001c2e55ee800 13534       3       com.android.tools.r8.u.b.n::M (9 bytes)
Event: 155.549 Thread 0x000001c2e55ee800 nmethod 13534 0x000001c2d0d40890 code [0x000001c2d0d40ac0, 0x000001c2d0d41230]
Event: 155.550 Thread 0x000001c2e55ee800 13541       3       com.android.tools.r8.ir.conversion.N::c (54 bytes)
Event: 155.550 Thread 0x000001c2e55ee800 nmethod 13541 0x000001c2d0d41510 code [0x000001c2d0d41700, 0x000001c2d0d419a0]
Event: 155.550 Thread 0x000001c2e55ee800 13542       3       com.android.tools.r8.u.b.h0::<init> (50 bytes)

GC Heap History (10 events):
Event: 154.701 GC heap before
{Heap before GC invocations=29 (full 0):
 garbage-first heap   total 155648K, used 123035K [0x0000000080000000, 0x0000000100000000)
  region size 1024K, 38 young (38912K), 5 survivors (5120K)
 Metaspace       used 93664K, capacity 95949K, committed 96080K, reserved 1132544K
  class space    used 11762K, capacity 12539K, committed 12544K, reserved 1048576K
}
Event: 154.712 GC heap after
{Heap after GC invocations=30 (full 0):
 garbage-first heap   total 155648K, used 96313K [0x0000000080000000, 0x0000000100000000)
  region size 1024K, 5 young (5120K), 5 survivors (5120K)
 Metaspace       used 93664K, capacity 95949K, committed 96080K, reserved 1132544K
  class space    used 11762K, capacity 12539K, committed 12544K, reserved 1048576K
}
Event: 154.717 GC heap before
{Heap before GC invocations=30 (full 0):
 garbage-first heap   total 155648K, used 98361K [0x0000000080000000, 0x0000000100000000)
  region size 1024K, 7 young (7168K), 5 survivors (5120K)
 Metaspace       used 93698K, capacity 96013K, committed 96080K, reserved 1132544K
  class space    used 11765K, capacity 12539K, committed 12544K, reserved 1048576K
}
Event: 154.722 GC heap after
{Heap after GC invocations=31 (full 0):
 garbage-first heap   total 155648K, used 95946K [0x0000000080000000, 0x0000000100000000)
  region size 1024K, 1 young (1024K), 1 survivors (1024K)
 Metaspace       used 93698K, capacity 96013K, committed 96080K, reserved 1132544K
  class space    used 11765K, capacity 12539K, committed 12544K, reserved 1048576K
}
Event: 155.059 GC heap before
{Heap before GC invocations=31 (full 0):
 garbage-first heap   total 155648K, used 123594K [0x0000000080000000, 0x0000000100000000)
  region size 1024K, 29 young (29696K), 1 survivors (1024K)
 Metaspace       used 96603K, capacity 98933K, committed 99152K, reserved 1136640K
  class space    used 12239K, capacity 13049K, committed 13056K, reserved 1048576K
}
Event: 155.065 GC heap after
{Heap after GC invocations=32 (full 0):
 garbage-first heap   total 155648K, used 98920K [0x0000000080000000, 0x0000000100000000)
  region size 1024K, 4 young (4096K), 4 survivors (4096K)
 Metaspace       used 96603K, capacity 98933K, committed 99152K, reserved 1136640K
  class space    used 12239K, capacity 13049K, committed 13056K, reserved 1048576K
}
Event: 155.412 GC heap before
{Heap before GC invocations=33 (full 0):
 garbage-first heap   total 155648K, used 125544K [0x0000000080000000, 0x0000000100000000)
  region size 1024K, 31 young (31744K), 4 survivors (4096K)
 Metaspace       used 98425K, capacity 100815K, committed 100944K, reserved 1136640K
  class space    used 12448K, capacity 13281K, committed 13312K, reserved 1048576K
}
Event: 155.418 GC heap after
{Heap after GC invocations=34 (full 0):
 garbage-first heap   total 155648K, used 100278K [0x0000000080000000, 0x0000000100000000)
  region size 1024K, 2 young (2048K), 2 survivors (2048K)
 Metaspace       used 98425K, capacity 100815K, committed 100944K, reserved 1136640K
  class space    used 12448K, capacity 13281K, committed 13312K, reserved 1048576K
}
Event: 155.439 GC heap before
{Heap before GC invocations=34 (full 0):
 garbage-first heap   total 155648K, used 105398K [0x0000000080000000, 0x0000000100000000)
  region size 1024K, 7 young (7168K), 2 survivors (2048K)
 Metaspace       used 98452K, capacity 100897K, committed 100944K, reserved 1136640K
  class space    used 12451K, capacity 13287K, committed 13312K, reserved 1048576K
}
Event: 155.445 GC heap after
{Heap after GC invocations=35 (full 0):
 garbage-first heap   total 155648K, used 95730K [0x0000000080000000, 0x0000000100000000)
  region size 1024K, 1 young (1024K), 1 survivors (1024K)
 Metaspace       used 98452K, capacity 100897K, committed 100944K, reserved 1136640K
  class space    used 12451K, capacity 13287K, committed 13312K, reserved 1048576K
}

Deoptimization events (10 events):
Event: 155.205 Thread 0x000001c2e824a800 Uncommon trap: reason=unstable_if action=reinterpret pc=0x000001c2d6f1128c method=java.lang.Integer.equals(Ljava/lang/Object;)Z @ 18 c2
Event: 155.340 Thread 0x000001c2e824a800 Uncommon trap: reason=unstable_if action=reinterpret pc=0x000001c2d6f2e4c4 method=com.android.tools.r8.s.a.a.b.t0.b(I[Ljava/lang/Object;)Lcom/android/tools/r8/s/a/a/b/t0; @ 113 c2
Event: 155.340 Thread 0x000001c2e824a800 Uncommon trap: reason=unstable_if action=reinterpret pc=0x000001c2d6f2b3cc method=com.android.tools.r8.s.a.a.b.t0.b(I[Ljava/lang/Object;)Lcom/android/tools/r8/s/a/a/b/t0; @ 193 c2
Event: 155.341 Thread 0x000001c2e8243800 Uncommon trap: reason=unstable_if action=reinterpret pc=0x000001c2d6f1ba6c method=com.android.tools.r8.u.b.o1.a(Lcom/android/tools/r8/graph/f0;)Lcom/android/tools/r8/u/b/o1; @ 12 c2
Event: 155.503 Thread 0x000001c2e824a800 Uncommon trap: reason=bimorphic_or_optimized_type_check action=maybe_recompile pc=0x000001c2d6f5129c method=com.android.tools.r8.u.b.o1.a(Lcom/android/tools/r8/ir/analysis/type/u;)Lcom/android/tools/r8/u/b/o1; @ 23 c2
Event: 155.503 Thread 0x000001c2e824a800 Uncommon trap: reason=bimorphic_or_optimized_type_check action=maybe_recompile pc=0x000001c2d6f5129c method=com.android.tools.r8.u.b.o1.a(Lcom/android/tools/r8/ir/analysis/type/u;)Lcom/android/tools/r8/u/b/o1; @ 23 c2
Event: 155.503 Thread 0x000001c2e824a800 Uncommon trap: reason=bimorphic_or_optimized_type_check action=maybe_recompile pc=0x000001c2d6f5129c method=com.android.tools.r8.u.b.o1.a(Lcom/android/tools/r8/ir/analysis/type/u;)Lcom/android/tools/r8/u/b/o1; @ 23 c2
Event: 155.503 Thread 0x000001c2e824a800 Uncommon trap: reason=bimorphic_or_optimized_type_check action=maybe_recompile pc=0x000001c2d6f5129c method=com.android.tools.r8.u.b.o1.a(Lcom/android/tools/r8/ir/analysis/type/u;)Lcom/android/tools/r8/u/b/o1; @ 23 c2
Event: 155.503 Thread 0x000001c2e824a800 Uncommon trap: reason=bimorphic_or_optimized_type_check action=maybe_recompile pc=0x000001c2d6f540f4 method=com.android.tools.r8.u.b.o1.a(Lcom/android/tools/r8/ir/analysis/type/u;)Lcom/android/tools/r8/u/b/o1; @ 23 c2
Event: 155.506 Thread 0x000001c2e824a800 Uncommon trap: reason=bimorphic_or_optimized_type_check action=maybe_recompile pc=0x000001c2d6f5daf8 method=com.android.tools.r8.u.b.o1.a(Lcom/android/tools/r8/ir/analysis/type/u;)Lcom/android/tools/r8/u/b/o1; @ 23 c2

Classes redefined (0 events):
No events

Internal exceptions (10 events):
Event: 154.875 Thread 0x000001c2e824a800 Exception <a 'java/lang/NoSuchMethodError'{0x00000000882e3050}: java.lang.invoke.DirectMethodHandle$Holder.invokeVirtual(Ljava/lang/Object;Ljava/lang/Object;ILjava/lang/Object;)Ljava/lang/Object;> (0x00000000882e3050) thrown at [t:/workspace/open/src/hots
Event: 154.876 Thread 0x000001c2e8243800 Exception <a 'java/lang/NoSuchMethodError'{0x00000000881092b0}: java.lang.invoke.DirectMethodHandle$Holder.invokeVirtual(Ljava/lang/Object;Ljava/lang/Object;ILjava/lang/Object;)Ljava/lang/Object;> (0x00000000881092b0) thrown at [t:/workspace/open/src/hots
Event: 154.901 Thread 0x000001c2e890b800 Exception <a 'java/lang/NoSuchMethodError'{0x00000000880e1da8}: java.lang.invoke.DirectMethodHandle$Holder.invokeVirtual(Ljava/lang/Object;Ljava/lang/Object;ILjava/lang/Object;)V> (0x00000000880e1da8) thrown at [t:/workspace/open/src/hotspot/share/interpr
Event: 155.032 Thread 0x000001c2e824a800 Exception <a 'java/lang/NoSuchMethodError'{0x0000000087d2f550}: java.lang.invoke.DirectMethodHandle$Holder.newInvokeSpecial(Ljava/lang/Object;I)Ljava/lang/Object;> (0x0000000087d2f550) thrown at [t:/workspace/open/src/hotspot/share/interpreter/linkResolve
Event: 155.034 Thread 0x000001c2e8909000 Exception <a 'java/lang/NoSuchMethodError'{0x0000000087c5fcb0}: java.lang.invoke.DirectMethodHandle$Holder.newInvokeSpecial(Ljava/lang/Object;I)Ljava/lang/Object;> (0x0000000087c5fcb0) thrown at [t:/workspace/open/src/hotspot/share/interpreter/linkResolve
Event: 155.037 Thread 0x000001c2e8243800 Exception <a 'java/lang/NoSuchMethodError'{0x0000000087c30bf0}: java.lang.invoke.DirectMethodHandle$Holder.newInvokeSpecial(Ljava/lang/Object;I)Ljava/lang/Object;> (0x0000000087c30bf0) thrown at [t:/workspace/open/src/hotspot/share/interpreter/linkResolve
Event: 155.208 Thread 0x000001c2e824a800 Exception <a 'java/lang/NoSuchMethodError'{0x000000008916d928}: java.lang.invoke.DirectMethodHandle$Holder.invokeInterface(Ljava/lang/Object;Ljava/lang/Object;I)Ljava/lang/Object;> (0x000000008916d928) thrown at [t:/workspace/open/src/hotspot/share/interp
Event: 155.372 Thread 0x000001c2e8909000 Exception <a 'java/lang/NoSuchMethodError'{0x0000000087ec6e30}: java.lang.invoke.DirectMethodHandle$Holder.invokeVirtual(Ljava/lang/Object;Ljava/lang/Object;I)V> (0x0000000087ec6e30) thrown at [t:/workspace/open/src/hotspot/share/interpreter/linkResolver.
Event: 155.538 Thread 0x000001c2e8909000 Exception <a 'sun/nio/fs/WindowsException'{0x00000000894c4668}> (0x00000000894c4668) thrown at [t:/workspace/open/src/hotspot/share/prims/jni.cpp, line 615]
Event: 155.549 Thread 0x000001c2e8909000 Exception <a 'sun/nio/fs/WindowsException'{0x0000000088c737c0}> (0x0000000088c737c0) thrown at [t:/workspace/open/src/hotspot/share/prims/jni.cpp, line 615]

Events (10 events):
Event: 155.521 Thread 0x000001c2e824a800 DEOPT PACKING pc=0x000001c2d0c84d38 sp=0x00000065f5ef9c10
Event: 155.521 Thread 0x000001c2e824a800 DEOPT UNPACKING pc=0x000001c2cedd8d4e sp=0x00000065f5ef9120 mode 0
Event: 155.531 Executing VM operation: ICBufferFull
Event: 155.531 Executing VM operation: ICBufferFull done
Event: 155.538 loading class com/android/tools/r8/s/a/a/d/p
Event: 155.538 loading class com/android/tools/r8/s/a/a/d/p done
Event: 155.541 loading class com/android/tools/r8/s/a/a/d/o
Event: 155.541 loading class com/android/tools/r8/s/a/a/d/o done
Event: 155.541 loading class com/android/tools/r8/s/a/a/d/n
Event: 155.541 loading class com/android/tools/r8/s/a/a/d/n done


Dynamic libraries:
0x00007ff68c410000 - 0x00007ff68c455000 	C:\Program Files\Java\jdk-11.0.2\bin\java.exe
0x00007ffacffa0000 - 0x00007ffad0190000 	C:\WINDOWS\SYSTEM32\ntdll.dll
0x00007fface4c0000 - 0x00007fface572000 	C:\WINDOWS\System32\KERNEL32.DLL
0x00007ffacd9e0000 - 0x00007ffacdc85000 	C:\WINDOWS\System32\KERNELBASE.dll
0x00007ffacef40000 - 0x00007ffacf0d4000 	C:\WINDOWS\System32\USER32.dll
0x00007ffacdc90000 - 0x00007ffacdcb1000 	C:\WINDOWS\System32\win32u.dll
0x00007ffaced50000 - 0x00007ffaced76000 	C:\WINDOWS\System32\GDI32.dll
0x00007ffaccfc0000 - 0x00007ffacd156000 	C:\WINDOWS\System32\gdi32full.dll
0x00007ffacdcc0000 - 0x00007ffacdd5e000 	C:\WINDOWS\System32\msvcp_win.dll
0x00007ffacdeb0000 - 0x00007ffacdfaa000 	C:\WINDOWS\System32\ucrtbase.dll
0x00007ffab3540000 - 0x00007ffab37c4000 	C:\WINDOWS\WinSxS\amd64_microsoft.windows.common-controls_6595b64144ccf1df_6.0.18362.1256_none_9e7e379be45e40e2\COMCTL32.dll
0x00007ffacf5d0000 - 0x00007ffacf66e000 	C:\WINDOWS\System32\msvcrt.dll
0x00007fface580000 - 0x00007fface8b6000 	C:\WINDOWS\System32\combase.dll
0x00007ffacfe40000 - 0x00007ffacff60000 	C:\WINDOWS\System32\RPCRT4.dll
0x00007ffacd160000 - 0x00007ffacd1e1000 	C:\WINDOWS\System32\bcryptPrimitives.dll
0x00007ffaceb40000 - 0x00007ffaceb6e000 	C:\WINDOWS\System32\IMM32.DLL
0x00007ffaae460000 - 0x00007ffaae476000 	C:\Program Files\Java\jdk-11.0.2\bin\vcruntime140.dll
0x00007ffa84300000 - 0x00007ffa843aa000 	C:\Program Files\Java\jdk-11.0.2\bin\msvcp140.dll
0x00007ffa7ca40000 - 0x00007ffa7d563000 	C:\Program Files\Java\jdk-11.0.2\bin\server\jvm.dll
0x00007fface050000 - 0x00007fface0f3000 	C:\WINDOWS\System32\ADVAPI32.dll
0x00007ffacea80000 - 0x00007ffaceb17000 	C:\WINDOWS\System32\sechost.dll
0x00007ffacfd60000 - 0x00007ffacfd68000 	C:\WINDOWS\System32\PSAPI.DLL
0x00007ffac62e0000 - 0x00007ffac62e9000 	C:\WINDOWS\SYSTEM32\WSOCK32.dll
0x00007ffac94c0000 - 0x00007ffac94e4000 	C:\WINDOWS\SYSTEM32\WINMM.dll
0x00007ffac7da0000 - 0x00007ffac7daa000 	C:\WINDOWS\SYSTEM32\VERSION.dll
0x00007ffacfdd0000 - 0x00007ffacfe3f000 	C:\WINDOWS\System32\WS2_32.dll
0x00007ffac9490000 - 0x00007ffac94bd000 	C:\WINDOWS\SYSTEM32\winmmbase.dll
0x00007fface000000 - 0x00007fface04a000 	C:\WINDOWS\System32\cfgmgr32.dll
0x00007ffacce50000 - 0x00007ffacce61000 	C:\WINDOWS\System32\kernel.appcore.dll
0x00007ffaa2330000 - 0x00007ffaa2341000 	C:\Program Files\Java\jdk-11.0.2\bin\verify.dll
0x00007ffacb3a0000 - 0x00007ffacb594000 	C:\WINDOWS\SYSTEM32\DBGHELP.DLL
0x00007ffac54b0000 - 0x00007ffac54da000 	C:\WINDOWS\SYSTEM32\dbgcore.DLL
0x00007ffa9c9c0000 - 0x00007ffa9c9e8000 	C:\Program Files\Java\jdk-11.0.2\bin\java.dll
0x00007ffaa03f0000 - 0x00007ffaa0406000 	C:\Program Files\Java\jdk-11.0.2\bin\zip.dll
0x00007ffab01e0000 - 0x00007ffab01ea000 	C:\Program Files\Java\jdk-11.0.2\bin\jimage.dll
0x00007ffacf670000 - 0x00007ffacfd57000 	C:\WINDOWS\System32\SHELL32.dll
0x00007ffacede0000 - 0x00007ffacee89000 	C:\WINDOWS\System32\shcore.dll
0x00007ffacd250000 - 0x00007ffacd9d1000 	C:\WINDOWS\System32\windows.storage.dll
0x00007ffaccee0000 - 0x00007ffaccf03000 	C:\WINDOWS\System32\profapi.dll
0x00007ffacce90000 - 0x00007ffacceda000 	C:\WINDOWS\System32\powrprof.dll
0x00007ffacce40000 - 0x00007ffacce50000 	C:\WINDOWS\System32\UMPDC.dll
0x00007ffacf570000 - 0x00007ffacf5c2000 	C:\WINDOWS\System32\shlwapi.dll
0x00007ffacdfe0000 - 0x00007ffacdff7000 	C:\WINDOWS\System32\cryptsp.dll
0x00007ffa9c8b0000 - 0x00007ffa9c8c9000 	C:\Program Files\Java\jdk-11.0.2\bin\net.dll
0x00007ffab0440000 - 0x00007ffab0616000 	C:\WINDOWS\SYSTEM32\urlmon.dll
0x00007ffabe680000 - 0x00007ffabe770000 	C:\WINDOWS\SYSTEM32\WINHTTP.dll
0x00007ffab2410000 - 0x00007ffab26b7000 	C:\WINDOWS\SYSTEM32\iertutil.dll
0x00007ffacc860000 - 0x00007ffacc86c000 	C:\WINDOWS\SYSTEM32\CRYPTBASE.DLL
0x00007ffacc690000 - 0x00007ffacc6f7000 	C:\WINDOWS\system32\mswsock.dll
0x00007ffa9a3d0000 - 0x00007ffa9a3e3000 	C:\Program Files\Java\jdk-11.0.2\bin\nio.dll
0x00007ffaa4060000 - 0x00007ffaa4086000 	C:\Users\AlexeiZhautok\.gradle\native\31\windows-amd64\native-platform.dll
0x00007ffaab550000 - 0x00007ffaab559000 	C:\Program Files\Java\jdk-11.0.2\bin\management.dll
0x00007ffaab510000 - 0x00007ffaab51c000 	C:\Program Files\Java\jdk-11.0.2\bin\management_ext.dll
0x00007ffacc1a0000 - 0x00007ffacc1d3000 	C:\WINDOWS\system32\rsaenh.dll
0x00007ffacdfb0000 - 0x00007ffacdfd6000 	C:\WINDOWS\System32\bcrypt.dll
0x00007ffaccd20000 - 0x00007ffaccd45000 	C:\WINDOWS\SYSTEM32\USERENV.dll
0x00007ffacc340000 - 0x00007ffacc37a000 	C:\WINDOWS\SYSTEM32\IPHLPAPI.DLL
0x00007ffacf0e0000 - 0x00007ffacf0e8000 	C:\WINDOWS\System32\NSI.dll
0x00007ffac5830000 - 0x00007ffac5846000 	C:\WINDOWS\SYSTEM32\dhcpcsvc6.DLL
0x00007ffac5810000 - 0x00007ffac582c000 	C:\WINDOWS\SYSTEM32\dhcpcsvc.DLL
0x00007ffacc380000 - 0x00007ffacc44b000 	C:\WINDOWS\SYSTEM32\DNSAPI.dll

dbghelp: loaded successfully - version: 4.0.5 - missing functions: none
symbol engine: initialized successfully - sym options: 0x614 - pdb path: .;C:\Program Files\Java\jdk-11.0.2\bin;C:\WINDOWS\SYSTEM32;C:\WINDOWS\WinSxS\amd64_microsoft.windows.common-controls_6595b64144ccf1df_6.0.18362.1256_none_9e7e379be45e40e2;C:\Program Files\Java\jdk-11.0.2\bin\server;C:\Users\AlexeiZhautok\.gradle\native\31\windows-amd64

VM Arguments:
jvm_args: --add-opens=java.base/java.util=ALL-UNNAMED --add-opens=java.base/java.lang=ALL-UNNAMED --add-opens=java.base/java.lang.invoke=ALL-UNNAMED --add-opens=java.prefs/java.util.prefs=ALL-UNNAMED -Xmx2048m -Dfile.encoding=windows-1251 -Duser.country=RU -Duser.language=ru -Duser.variant 
java_command: org.gradle.launcher.daemon.bootstrap.GradleDaemon 6.1.1
java_class_path (initial): C:\Users\AlexeiZhautok\.gradle\wrapper\dists\gradle-6.1.1-all\cfmwm155h49vnt3hynmlrsdst\gradle-6.1.1\lib\gradle-launcher-6.1.1.jar
Launcher Type: SUN_STANDARD

[Global flags]
     intx CICompilerCount                          = 3                                         {product} {ergonomic}
     uint ConcGCThreads                            = 1                                         {product} {ergonomic}
     uint G1ConcRefinementThreads                  = 4                                         {product} {ergonomic}
   size_t G1HeapRegionSize                         = 1048576                                   {product} {ergonomic}
    uintx GCDrainStackTargetSize                   = 64                                        {product} {ergonomic}
   size_t InitialHeapSize                          = 132120576                                 {product} {ergonomic}
   size_t MarkStackSize                            = 4194304                                   {product} {ergonomic}
   size_t MaxHeapSize                              = 2147483648                                {product} {command line}
   size_t MaxNewSize                               = 1287651328                                {product} {ergonomic}
   size_t MinHeapDeltaBytes                        = 1048576                                   {product} {ergonomic}
    uintx NonNMethodCodeHeapSize                   = 5830092                                {pd product} {ergonomic}
    uintx NonProfiledCodeHeapSize                  = 122914074                              {pd product} {ergonomic}
    uintx ProfiledCodeHeapSize                     = 122914074                              {pd product} {ergonomic}
    uintx ReservedCodeCacheSize                    = 251658240                              {pd product} {ergonomic}
     bool SegmentedCodeCache                       = true                                      {product} {ergonomic}
     bool UseCompressedClassPointers               = true                                 {lp64_product} {ergonomic}
     bool UseCompressedOops                        = true                                 {lp64_product} {ergonomic}
     bool UseG1GC                                  = true                                      {product} {ergonomic}
     bool UseLargePagesIndividualAllocation        = false                                  {pd product} {ergonomic}

Logging:
Log output configuration:
 #0: stdout all=warning uptime,level,tags
 #1: stderr all=off uptime,level,tags

Environment Variables:
JAVA_HOME=C:\Program Files\Java\jdk-14
PATH=C:\Program Files (x86)\Common Files\Intel\Shared Files\cpp\bin\Intel64;C:\ProgramData\Oracle\Java\javapath;C:\Windows\system32;C:\Windows;C:\Windows\System32\Wbem;C:\Windows\System32\WindowsPowerShell\v1.0\;C:\Program Files (x86)\NVIDIA Corporation\PhysX\Common;C:\WINDOWS\system32;C:\WINDOWS;C:\WINDOWS\System32\Wbem;C:\WINDOWS\System32\WindowsPowerShell\v1.0\;E:\Tex\miktex\bin\x64\;C:\Program Files\MiKTeX 2.9\miktex\bin\x64\;C:\Program Files\Microsoft SQL Server\130\Tools\Binn\;C:\Program Files\dotnet\;C:\WINDOWS\System32\OpenSSH\;C:\Program Files (x86)\Microsoft SQL Server\Client SDK\ODBC\130\Tools\Binn\;C:\Program Files (x86)\Microsoft SQL Server\140\Tools\Binn\;C:\Program Files (x86)\Microsoft SQL Server\140\DTS\Binn\;C:\Program Files (x86)\Microsoft SQL Server\140\Tools\Binn\ManagementStudio\;C:\Program Files\Microsoft SQL Server\140\Tools\Binn\;C:\Program Files\Microsoft SQL Server\140\DTS\Binn\;C:\Program Files\Microsoft SQL Server\Client SDK\ODBC\130\Tools\Binn\;E:\Java\apache-maven-3.6.3\bin;C:\Users\AlexeiZhautok\AppData\Local\Microsoft\WindowsApps;E:\Java\drivers;
USERNAME=AlexeiZhautok
OS=Windows_NT
PROCESSOR_IDENTIFIER=Intel64 Family 6 Model 94 Stepping 3, GenuineIntel



---------------  S Y S T E M  ---------------

OS: Windows 10 , 64 bit Build 18362 (10.0.18362.1110)

CPU:total 4 (initial active 4) (4 cores per cpu, 1 threads per core) family 6 model 94 stepping 3, cmov, cx8, fxsr, mmx, sse, sse2, sse3, ssse3, sse4.1, sse4.2, popcnt, avx, avx2, aes, clmul, erms, rtm, 3dnowpref, lzcnt, tsc, tscinvbit, bmi1, bmi2, adx, fma

Memory: 4k page, system-wide physical 8020M (504M free)
TotalPageFile size 11092M (AvailPageFile size 4M)
current process WorkingSet (physical memory assigned to process): 415M, peak: 415M
current process commit charge ("private bytes"): 451M, peak: 451M

vm_info: OpenJDK 64-Bit Server VM (11.0.2+9) for windows-amd64 JRE (11.0.2+9), built on Jan 18 2019 05:23:22 by "mach5one" with MS VC++ 15.5 (VS2017)

END.
