#
# There is insufficient memory for the Java Runtime Environment to continue.
# Native memory allocation (malloc) failed to allocate 1631376 bytes for Chunk::new
# Possible reasons:
#   The system is out of physical RAM or swap space
#   The process is running with CompressedOops enabled, and the Java Heap may be blocking the growth of the native heap
# Possible solutions:
#   Reduce memory load on the system
#   Increase physical memory or swap space
#   Check if swap backing store is full
#   Decrease Java heap size (-Xmx/-Xms)
#   Decrease number of Java threads
#   Decrease Java thread stack sizes (-Xss)
#   Set larger code cache with -XX:ReservedCodeCacheSize=
#   JVM is running with Unscaled Compressed Oops mode in which the Java heap is
#     placed in the first 4GB address space. The Java Heap base address is the
#     maximum limit for the native heap growth. Please use -XX:HeapBaseMinAddress
#     to set the Java Heap base and to place the Java Heap above 4GB virtual address.
# This output file may be truncated or incomplete.
#
#  Out of Memory Error (t:/workspace/open/src/hotspot/share/memory/arena.cpp:197), pid=12312, tid=12036
#
# JRE version: OpenJDK Runtime Environment (11.0.2+9) (build 11.0.2+9)
# Java VM: OpenJDK 64-Bit Server VM (11.0.2+9, mixed mode, tiered, compressed oops, g1 gc, windows-amd64)
# No core dump will be written. Minidumps are not enabled by default on client versions of Windows
#

---------------  S U M M A R Y ------------

Command Line: --add-opens=java.base/java.util=ALL-UNNAMED --add-opens=java.base/java.lang=ALL-UNNAMED --add-opens=java.base/java.lang.invoke=ALL-UNNAMED --add-opens=java.prefs/java.util.prefs=ALL-UNNAMED -Xmx2048m -Dfile.encoding=windows-1251 -Duser.country=RU -Duser.language=ru -Duser.variant org.gradle.launcher.daemon.bootstrap.GradleDaemon 6.1.1

Host: Intel(R) Core(TM) i5-6300HQ CPU @ 2.30GHz, 4 cores, 7G,  Windows 10 , 64 bit Build 18362 (10.0.18362.1110)
Time: Tue Dec 15 00:50:53 2020 Aaea?onu (ceia) elapsed time: 108 seconds (0d 0h 1m 48s)

---------------  T H R E A D  ---------------

Current thread (0x000001b17f7db800):  JavaThread "C2 CompilerThread0" daemon [_thread_in_native, id=12036, stack(0x0000000978f00000,0x0000000979000000)]


Current CompileTask:
C2: 108159 10218   !   4       java.net.URLClassLoader$1::run (63 bytes)

Stack: [0x0000000978f00000,0x0000000979000000]
Native frames: (J=compiled Java code, j=interpreted, Vv=VM code, C=native code)
V  [jvm.dll+0x63489a]
V  [jvm.dll+0x771f9f]
V  [jvm.dll+0x773648]
V  [jvm.dll+0x773d03]
V  [jvm.dll+0x25eba8]
V  [jvm.dll+0xc2191]
V  [jvm.dll+0xc271c]
V  [jvm.dll+0x36cc47]
V  [jvm.dll+0x1a95df]
V  [jvm.dll+0x218ad2]
V  [jvm.dll+0x217b6a]
V  [jvm.dll+0x194370]
V  [jvm.dll+0x226b3f]
V  [jvm.dll+0x225148]
V  [jvm.dll+0x73774d]
V  [jvm.dll+0x633942]
C  [ucrtbase.dll+0x210b2]
C  [KERNEL32.DLL+0x17c24]
C  [ntdll.dll+0x6d4d1]


---------------  P R O C E S S  ---------------

Threads class SMR info:
_java_thread_list=0x000001b1171d1860, length=49, elements={
0x000001b173be8000, 0x000001b17f7b9800, 0x000001b17f7c2800, 0x000001b17f7d7800,
0x000001b17f7d8800, 0x000001b17f7db800, 0x000001b17f7e0800, 0x000001b17f7f6800,
0x000001b11329f800, 0x000001b1132b6800, 0x000001b114734000, 0x000001b11422f800,
0x000001b11424e000, 0x000001b17f7e0000, 0x000001b17f7e6800, 0x000001b17f7e4800,
0x000001b117980800, 0x000001b117988800, 0x000001b117989800, 0x000001b117983000,
0x000001b11797f000, 0x000001b117985800, 0x000001b11797f800, 0x000001b11798a000,
0x000001b11798b000, 0x000001b11798c000, 0x000001b117986000, 0x000001b117987000,
0x000001b11798d800, 0x000001b17f7e1800, 0x000001b17f7e3000, 0x000001b17f7e5800,
0x000001b17f7e4000, 0x000001b117d79000, 0x000001b117d7a800, 0x000001b117d7d000,
0x000001b117d7c000, 0x000001b117d79800, 0x000001b117d7b800, 0x000001b117d77000,
0x000001b117d7d800, 0x000001b117d78000, 0x000001b117d83800, 0x000001b117d84000,
0x000001b117d7f800, 0x000001b117d7e800, 0x000001b117d85000, 0x000001b117d86000,
0x000001b117d80000
}

Java Threads: ( => current thread )
  0x000001b173be8000 JavaThread "main" [_thread_blocked, id=14020, stack(0x0000000978400000,0x0000000978500000)]
  0x000001b17f7b9800 JavaThread "Reference Handler" daemon [_thread_blocked, id=14480, stack(0x0000000978b00000,0x0000000978c00000)]
  0x000001b17f7c2800 JavaThread "Finalizer" daemon [_thread_blocked, id=1272, stack(0x0000000978c00000,0x0000000978d00000)]
  0x000001b17f7d7800 JavaThread "Signal Dispatcher" daemon [_thread_blocked, id=6408, stack(0x0000000978d00000,0x0000000978e00000)]
  0x000001b17f7d8800 JavaThread "Attach Listener" daemon [_thread_blocked, id=3564, stack(0x0000000978e00000,0x0000000978f00000)]
=>0x000001b17f7db800 JavaThread "C2 CompilerThread0" daemon [_thread_in_native, id=12036, stack(0x0000000978f00000,0x0000000979000000)]
  0x000001b17f7e0800 JavaThread "C1 CompilerThread0" daemon [_thread_blocked, id=9716, stack(0x0000000979000000,0x0000000979100000)]
  0x000001b17f7f6800 JavaThread "Sweeper thread" daemon [_thread_blocked, id=8776, stack(0x0000000979100000,0x0000000979200000)]
  0x000001b11329f800 JavaThread "Common-Cleaner" daemon [_thread_blocked, id=12168, stack(0x0000000979200000,0x0000000979300000)]
  0x000001b1132b6800 JavaThread "Service Thread" daemon [_thread_blocked, id=11428, stack(0x0000000979300000,0x0000000979400000)]
  0x000001b114734000 JavaThread "Daemon health stats" [_thread_blocked, id=17224, stack(0x0000000979500000,0x0000000979600000)]
  0x000001b11422f800 JavaThread "Incoming local TCP Connector on port 60368" [_thread_in_native, id=6004, stack(0x0000000979800000,0x0000000979900000)]
  0x000001b11424e000 JavaThread "Daemon periodic checks" [_thread_blocked, id=10748, stack(0x0000000979900000,0x0000000979a00000)]
  0x000001b17f7e0000 JavaThread "Cache worker for journal cache (C:\Users\AlexeiZhautok\.gradle\caches\journal-1)" [_thread_blocked, id=1572, stack(0x000000097a200000,0x000000097a300000)]
  0x000001b17f7e6800 JavaThread "File lock request listener" [_thread_in_native, id=16180, stack(0x000000097a300000,0x000000097a400000)]
  0x000001b17f7e4800 JavaThread "Cache worker for file hash cache (C:\Users\AlexeiZhautok\.gradle\caches\6.1.1\fileHashes)" [_thread_blocked, id=15832, stack(0x000000097a400000,0x000000097a500000)]
  0x000001b117980800 JavaThread "Cache worker for execution history cache (C:\Users\AlexeiZhautok\.gradle\caches\6.1.1\executionHistory)" [_thread_blocked, id=3380, stack(0x000000097aa00000,0x000000097ab00000)]
  0x000001b117988800 JavaThread "Memory manager" [_thread_blocked, id=15528, stack(0x000000097b000000,0x000000097b100000)]
  0x000001b117989800 JavaThread "Cache worker for file content cache (C:\Users\AlexeiZhautok\.gradle\caches\6.1.1\fileContent)" [_thread_blocked, id=14716, stack(0x000000097b100000,0x000000097b200000)]
  0x000001b117983000 JavaThread "Daemon Thread 2" [_thread_blocked, id=2740, stack(0x0000000978100000,0x0000000978200000)]
  0x000001b11797f000 JavaThread "Handler for socket connection from /127.0.0.1:60368 to /127.0.0.1:60409" [_thread_in_native, id=12340, stack(0x0000000978200000,0x0000000978300000)]
  0x000001b117985800 JavaThread "Cancel handler" [_thread_blocked, id=6224, stack(0x0000000978300000,0x0000000978400000)]
  0x000001b11797f800 JavaThread "Daemon worker Thread 2" [_thread_blocked, id=16216, stack(0x0000000979a00000,0x0000000979b00000)]
  0x000001b11798a000 JavaThread "Asynchronous log dispatcher for DefaultDaemonConnection: socket connection from /127.0.0.1:60368 to /127.0.0.1:60409" [_thread_blocked, id=11288, stack(0x0000000979d00000,0x0000000979e00000)]
  0x000001b11798b000 JavaThread "Stdin handler" [_thread_blocked, id=16280, stack(0x0000000979e00000,0x0000000979f00000)]
  0x000001b11798c000 JavaThread "Thread-37" [_thread_blocked, id=7324, stack(0x0000000979f00000,0x000000097a000000)]
  0x000001b117986000 JavaThread "Cache worker for checksums cache (E:\Android\Task1\android-university\lab2\.gradle\checksums)" [_thread_blocked, id=12760, stack(0x000000097a100000,0x000000097a200000)]
  0x000001b117987000 JavaThread "Cache worker for file hash cache (E:\Android\Task1\android-university\lab2\.gradle\6.1.1\fileHashes)" [_thread_blocked, id=16372, stack(0x000000097a500000,0x000000097a600000)]
  0x000001b11798d800 JavaThread "Cache worker for cache directory md-supplier (C:\Users\AlexeiZhautok\.gradle\caches\6.1.1\md-supplier)" [_thread_blocked, id=16460, stack(0x000000097a600000,0x000000097a700000)]
  0x000001b17f7e1800 JavaThread "Cache worker for cache directory md-rule (C:\Users\AlexeiZhautok\.gradle\caches\6.1.1\md-rule)" [_thread_blocked, id=16596, stack(0x000000097a700000,0x000000097a800000)]
  0x000001b17f7e3000 JavaThread "Build operations" [_thread_blocked, id=16812, stack(0x000000097a900000,0x000000097aa00000)]
  0x000001b17f7e5800 JavaThread "Build operations Thread 2" [_thread_blocked, id=3288, stack(0x000000097ab00000,0x000000097ac00000)]
  0x000001b17f7e4000 JavaThread "Build operations Thread 3" [_thread_blocked, id=6988, stack(0x000000097ac00000,0x000000097ad00000)]
  0x000001b117d79000 JavaThread "Build operations Thread 4" [_thread_blocked, id=11820, stack(0x000000097ad00000,0x000000097ae00000)]
  0x000001b117d7a800 JavaThread "Cache worker for Build Output Cleanup Cache (E:\Android\Task1\android-university\lab2\.gradle\buildOutputCleanup)" [_thread_blocked, id=2020, stack(0x000000097ae00000,0x000000097af00000)]
  0x000001b117d7d000 JavaThread "Cache worker for file content cache (E:\Android\Task1\android-university\lab2\.gradle\6.1.1\fileContent)" [_thread_blocked, id=13484, stack(0x000000097af00000,0x000000097b000000)]
  0x000001b117d7c000 JavaThread "Execution worker for ':'" [_thread_in_native, id=4056, stack(0x000000097b200000,0x000000097b300000)]
  0x000001b117d79800 JavaThread "Execution worker for ':' Thread 2" [_thread_blocked, id=10416, stack(0x000000097b300000,0x000000097b400000)]
  0x000001b117d7b800 JavaThread "Execution worker for ':' Thread 3" [_thread_blocked, id=9028, stack(0x000000097b400000,0x000000097b500000)]
  0x000001b117d77000 JavaThread "Cache worker for execution history cache (E:\Android\Task1\android-university\lab2\.gradle\6.1.1\executionHistory)" [_thread_blocked, id=380, stack(0x000000097b500000,0x000000097b600000)]
  0x000001b117d7d800 JavaThread "WorkerExecutor Queue" [_thread_blocked, id=13512, stack(0x000000097b600000,0x000000097b700000)]
  0x000001b117d78000 JavaThread "WorkerExecutor Queue Thread 2" [_thread_blocked, id=15932, stack(0x000000097b700000,0x000000097b800000)]
  0x000001b117d83800 JavaThread "pool-4-thread-1" [_thread_blocked, id=12736, stack(0x000000097b800000,0x000000097b900000)]
  0x000001b117d84000 JavaThread "stderr" [_thread_in_native, id=16568, stack(0x000000097b900000,0x000000097ba00000)]
  0x000001b117d7f800 JavaThread "stdout" [_thread_in_native, id=2160, stack(0x000000097ba00000,0x000000097bb00000)]
  0x000001b117d7e800 JavaThread "stderr" [_thread_in_native, id=11732, stack(0x000000097bb00000,0x000000097bc00000)]
  0x000001b117d85000 JavaThread "stdout" [_thread_in_native, id=11876, stack(0x000000097bc00000,0x000000097bd00000)]
  0x000001b117d86000 JavaThread "WorkerExecutor Queue Thread 3" [_thread_blocked, id=16804, stack(0x000000097bd00000,0x000000097be00000)]
  0x000001b117d80000 JavaThread "C2 CompilerThread1" daemon [_thread_blocked, id=9468, stack(0x000000097a800000,0x000000097a900000)]

Other Threads:
  0x000001b17f7b6800 VMThread "VM Thread" [stack: 0x0000000978a00000,0x0000000978b00000] [id=10172]
  0x000001b1132b7800 WatcherThread [stack: 0x0000000979400000,0x0000000979500000] [id=2840]
  0x000001b173bfd800 GCTaskThread "GC Thread#0" [stack: 0x0000000978500000,0x0000000978600000] [id=4312]
  0x000001b113849000 GCTaskThread "GC Thread#1" [stack: 0x0000000979600000,0x0000000979700000] [id=12908]
  0x000001b11384a000 GCTaskThread "GC Thread#2" [stack: 0x0000000979700000,0x0000000979800000] [id=11684]
  0x000001b1151e7000 GCTaskThread "GC Thread#3" [stack: 0x000000097a000000,0x000000097a100000] [id=15008]
  0x000001b173c2d000 ConcurrentGCThread "G1 Main Marker" [stack: 0x0000000978600000,0x0000000978700000] [id=16924]
  0x000001b173c2e800 ConcurrentGCThread "G1 Conc#0" [stack: 0x0000000978700000,0x0000000978800000] [id=9428]
  0x000001b173cb4800 ConcurrentGCThread "G1 Refine#0" [stack: 0x0000000978800000,0x0000000978900000] [id=4700]
  0x000001b173cb5800 ConcurrentGCThread "G1 Young RemSet Sampling" [stack: 0x0000000978900000,0x0000000978a00000] [id=7772]

Threads with active compile tasks:
C2 CompilerThread010218   !   4       java.net.URLClassLoader$1::run (63 bytes)

VM state:not at safepoint (normal execution)

VM Mutex/Monitor currently owned by a thread: None

Heap address: 0x0000000080000000, size: 2048 MB, Compressed Oops mode: 32-bit
Narrow klass base: 0x0000000000000000, Narrow klass shift: 3
Compressed class space size: 1073741824 Address: 0x0000000100000000

Heap:
 garbage-first heap   total 129024K, used 94854K [0x0000000080000000, 0x0000000100000000)
  region size 1024K, 21 young (21504K), 1 survivors (1024K)
 Metaspace       used 82432K, capacity 84594K, committed 84764K, reserved 1122304K
  class space    used 10407K, capacity 11143K, committed 11212K, reserved 1048576K
Heap Regions: E=young(eden), S=young(survivor), O=old, HS=humongous(starts), HC=humongous(continues), CS=collection set, F=free, A=archive, TAMS=top-at-mark-start (previous, next)
|   0|0x0000000080000000, 0x0000000080100000, 0x0000000080100000|100%| O|  |TAMS 0x0000000080100000, 0x0000000080000000| Untracked 
|   1|0x0000000080100000, 0x0000000080200000, 0x0000000080200000|100%| O|  |TAMS 0x0000000080200000, 0x0000000080100000| Untracked 
|   2|0x0000000080200000, 0x0000000080300000, 0x0000000080300000|100%| O|  |TAMS 0x0000000080300000, 0x0000000080200000| Untracked 
|   3|0x0000000080300000, 0x0000000080400000, 0x0000000080400000|100%|HS|  |TAMS 0x0000000080400000, 0x0000000080300000| Complete 
|   4|0x0000000080400000, 0x0000000080500000, 0x0000000080500000|100%|HC|  |TAMS 0x0000000080500000, 0x0000000080400000| Complete 
|   5|0x0000000080500000, 0x0000000080600000, 0x0000000080600000|100%|HC|  |TAMS 0x0000000080600000, 0x0000000080500000| Complete 
|   6|0x0000000080600000, 0x0000000080700000, 0x0000000080700000|100%| O|  |TAMS 0x0000000080700000, 0x0000000080600000| Untracked 
|   7|0x0000000080700000, 0x0000000080800000, 0x0000000080800000|100%| O|  |TAMS 0x0000000080800000, 0x0000000080700000| Untracked 
|   8|0x0000000080800000, 0x0000000080900000, 0x0000000080900000|100%| O|  |TAMS 0x0000000080900000, 0x0000000080800000| Untracked 
|   9|0x0000000080900000, 0x0000000080a00000, 0x0000000080a00000|100%| O|  |TAMS 0x0000000080a00000, 0x0000000080900000| Untracked 
|  10|0x0000000080a00000, 0x0000000080b00000, 0x0000000080b00000|100%| O|  |TAMS 0x0000000080b00000, 0x0000000080a00000| Untracked 
|  11|0x0000000080b00000, 0x0000000080c00000, 0x0000000080c00000|100%|HS|  |TAMS 0x0000000080c00000, 0x0000000080b00000| Complete 
|  12|0x0000000080c00000, 0x0000000080d00000, 0x0000000080d00000|100%|HC|  |TAMS 0x0000000080d00000, 0x0000000080c00000| Complete 
|  13|0x0000000080d00000, 0x0000000080e00000, 0x0000000080e00000|100%|HS|  |TAMS 0x0000000080e00000, 0x0000000080d00000| Complete 
|  14|0x0000000080e00000, 0x0000000080f00000, 0x0000000080f00000|100%|HC|  |TAMS 0x0000000080f00000, 0x0000000080e00000| Complete 
|  15|0x0000000080f00000, 0x0000000081000000, 0x0000000081000000|100%|HC|  |TAMS 0x0000000081000000, 0x0000000080f00000| Complete 
|  16|0x0000000081000000, 0x0000000081100000, 0x0000000081100000|100%|HS|  |TAMS 0x0000000081100000, 0x0000000081000000| Complete 
|  17|0x0000000081100000, 0x0000000081200000, 0x0000000081200000|100%|HC|  |TAMS 0x0000000081200000, 0x0000000081100000| Complete 
|  18|0x0000000081200000, 0x0000000081300000, 0x0000000081300000|100%|HC|  |TAMS 0x0000000081300000, 0x0000000081200000| Complete 
|  19|0x0000000081300000, 0x0000000081400000, 0x0000000081400000|100%|HC|  |TAMS 0x0000000081400000, 0x0000000081300000| Complete 
|  20|0x0000000081400000, 0x0000000081500000, 0x0000000081500000|100%| O|  |TAMS 0x0000000081500000, 0x0000000081400000| Untracked 
|  21|0x0000000081500000, 0x0000000081600000, 0x0000000081600000|100%| O|  |TAMS 0x0000000081600000, 0x0000000081500000| Untracked 
|  22|0x0000000081600000, 0x0000000081700000, 0x0000000081700000|100%| O|  |TAMS 0x0000000081700000, 0x0000000081600000| Untracked 
|  23|0x0000000081700000, 0x0000000081800000, 0x0000000081800000|100%| O|  |TAMS 0x0000000081800000, 0x0000000081700000| Untracked 
|  24|0x0000000081800000, 0x0000000081900000, 0x0000000081900000|100%| O|  |TAMS 0x0000000081900000, 0x0000000081800000| Untracked 
|  25|0x0000000081900000, 0x0000000081a00000, 0x0000000081a00000|100%| O|  |TAMS 0x0000000081a00000, 0x0000000081900000| Untracked 
|  26|0x0000000081a00000, 0x0000000081b00000, 0x0000000081b00000|100%| O|  |TAMS 0x0000000081b00000, 0x0000000081a00000| Untracked 
|  27|0x0000000081b00000, 0x0000000081c00000, 0x0000000081c00000|100%| O|  |TAMS 0x0000000081c00000, 0x0000000081b00000| Untracked 
|  28|0x0000000081c00000, 0x0000000081d00000, 0x0000000081d00000|100%|HS|  |TAMS 0x0000000081d00000, 0x0000000081c00000| Complete 
|  29|0x0000000081d00000, 0x0000000081e00000, 0x0000000081e00000|100%|HC|  |TAMS 0x0000000081e00000, 0x0000000081d00000| Complete 
|  30|0x0000000081e00000, 0x0000000081f00000, 0x0000000081f00000|100%|HC|  |TAMS 0x0000000081f00000, 0x0000000081e00000| Complete 
|  31|0x0000000081f00000, 0x0000000082000000, 0x0000000082000000|100%|HS|  |TAMS 0x0000000082000000, 0x0000000081f00000| Complete 
|  32|0x0000000082000000, 0x0000000082100000, 0x0000000082100000|100%|HC|  |TAMS 0x0000000082100000, 0x0000000082000000| Complete 
|  33|0x0000000082100000, 0x0000000082200000, 0x0000000082200000|100%| O|  |TAMS 0x0000000082200000, 0x0000000082100000| Untracked 
|  34|0x0000000082200000, 0x0000000082300000, 0x0000000082300000|100%| O|  |TAMS 0x0000000082300000, 0x0000000082200000| Untracked 
|  35|0x0000000082300000, 0x0000000082400000, 0x0000000082400000|100%| O|  |TAMS 0x0000000082400000, 0x0000000082300000| Untracked 
|  36|0x0000000082400000, 0x0000000082500000, 0x0000000082500000|100%| O|  |TAMS 0x0000000082500000, 0x0000000082400000| Untracked 
|  37|0x0000000082500000, 0x0000000082600000, 0x0000000082600000|100%| O|  |TAMS 0x0000000082600000, 0x0000000082500000| Untracked 
|  38|0x0000000082600000, 0x0000000082700000, 0x0000000082700000|100%| O|  |TAMS 0x0000000082700000, 0x0000000082600000| Untracked 
|  39|0x0000000082700000, 0x0000000082800000, 0x0000000082800000|100%| O|  |TAMS 0x0000000082800000, 0x0000000082700000| Untracked 
|  40|0x0000000082800000, 0x0000000082900000, 0x0000000082900000|100%| O|  |TAMS 0x0000000082900000, 0x0000000082800000| Untracked 
|  41|0x0000000082900000, 0x0000000082a00000, 0x0000000082a00000|100%| O|  |TAMS 0x0000000082a00000, 0x0000000082900000| Untracked 
|  42|0x0000000082a00000, 0x0000000082b00000, 0x0000000082b00000|100%| O|  |TAMS 0x0000000082b00000, 0x0000000082a00000| Untracked 
|  43|0x0000000082b00000, 0x0000000082c00000, 0x0000000082c00000|100%| O|  |TAMS 0x0000000082c00000, 0x0000000082b00000| Untracked 
|  44|0x0000000082c00000, 0x0000000082d00000, 0x0000000082d00000|100%| O|  |TAMS 0x0000000082d00000, 0x0000000082c00000| Untracked 
|  45|0x0000000082d00000, 0x0000000082e00000, 0x0000000082e00000|100%| O|  |TAMS 0x0000000082e00000, 0x0000000082d00000| Untracked 
|  46|0x0000000082e00000, 0x0000000082f00000, 0x0000000082f00000|100%| O|  |TAMS 0x0000000082f00000, 0x0000000082e00000| Untracked 
|  47|0x0000000082f00000, 0x0000000083000000, 0x0000000083000000|100%| O|  |TAMS 0x0000000083000000, 0x0000000082f00000| Untracked 
|  48|0x0000000083000000, 0x0000000083100000, 0x0000000083100000|100%| O|  |TAMS 0x0000000083100000, 0x0000000083000000| Untracked 
|  49|0x0000000083100000, 0x0000000083200000, 0x0000000083200000|100%| O|  |TAMS 0x0000000083200000, 0x0000000083100000| Untracked 
|  50|0x0000000083200000, 0x0000000083300000, 0x0000000083300000|100%| O|  |TAMS 0x0000000083300000, 0x0000000083200000| Untracked 
|  51|0x0000000083300000, 0x0000000083400000, 0x0000000083400000|100%| O|  |TAMS 0x0000000083400000, 0x0000000083300000| Untracked 
|  52|0x0000000083400000, 0x0000000083500000, 0x0000000083500000|100%| O|  |TAMS 0x0000000083500000, 0x0000000083400000| Untracked 
|  53|0x0000000083500000, 0x0000000083600000, 0x0000000083600000|100%| O|  |TAMS 0x0000000083600000, 0x0000000083500000| Untracked 
|  54|0x0000000083600000, 0x0000000083700000, 0x0000000083700000|100%| O|  |TAMS 0x0000000083700000, 0x0000000083600000| Untracked 
|  55|0x0000000083700000, 0x0000000083800000, 0x0000000083800000|100%| O|  |TAMS 0x0000000083800000, 0x0000000083700000| Untracked 
|  56|0x0000000083800000, 0x0000000083900000, 0x0000000083900000|100%| O|  |TAMS 0x0000000083900000, 0x0000000083800000| Untracked 
|  57|0x0000000083900000, 0x0000000083a00000, 0x0000000083a00000|100%| O|  |TAMS 0x0000000083a00000, 0x0000000083900000| Untracked 
|  58|0x0000000083a00000, 0x0000000083b00000, 0x0000000083b00000|100%| O|  |TAMS 0x0000000083b00000, 0x0000000083a00000| Untracked 
|  59|0x0000000083b00000, 0x0000000083b00000, 0x0000000083c00000|  0%| F|  |TAMS 0x0000000083b00000, 0x0000000083b00000| Untracked 
|  60|0x0000000083c00000, 0x0000000083d00000, 0x0000000083d00000|100%| O|  |TAMS 0x0000000083d00000, 0x0000000083c00000| Untracked 
|  61|0x0000000083d00000, 0x0000000083e00000, 0x0000000083e00000|100%| O|  |TAMS 0x0000000083e00000, 0x0000000083d00000| Untracked 
|  62|0x0000000083e00000, 0x0000000083e00000, 0x0000000083f00000|  0%| F|  |TAMS 0x0000000083e00000, 0x0000000083e00000| Untracked 
|  63|0x0000000083f00000, 0x0000000084000000, 0x0000000084000000|100%| O|  |TAMS 0x0000000084000000, 0x0000000083f00000| Untracked 
|  64|0x0000000084000000, 0x0000000084100000, 0x0000000084100000|100%| O|  |TAMS 0x0000000084100000, 0x0000000084000000| Untracked 
|  65|0x0000000084100000, 0x0000000084200000, 0x0000000084200000|100%| O|  |TAMS 0x0000000084200000, 0x0000000084100000| Untracked 
|  66|0x0000000084200000, 0x0000000084300000, 0x0000000084300000|100%| O|  |TAMS 0x0000000084300000, 0x0000000084200000| Untracked 
|  67|0x0000000084300000, 0x0000000084400000, 0x0000000084400000|100%| O|  |TAMS 0x0000000084400000, 0x0000000084300000| Untracked 
|  68|0x0000000084400000, 0x0000000084500000, 0x0000000084500000|100%| O|  |TAMS 0x0000000084500000, 0x0000000084400000| Untracked 
|  69|0x0000000084500000, 0x0000000084600000, 0x0000000084600000|100%| O|  |TAMS 0x0000000084600000, 0x0000000084500000| Untracked 
|  70|0x0000000084600000, 0x0000000084700000, 0x0000000084700000|100%| O|  |TAMS 0x0000000084700000, 0x0000000084600000| Untracked 
|  71|0x0000000084700000, 0x0000000084800000, 0x0000000084800000|100%| O|  |TAMS 0x0000000084800000, 0x0000000084700000| Untracked 
|  72|0x0000000084800000, 0x0000000084900000, 0x0000000084900000|100%| O|  |TAMS 0x0000000084900000, 0x0000000084800000| Untracked 
|  73|0x0000000084900000, 0x0000000084a00000, 0x0000000084a00000|100%| O|  |TAMS 0x0000000084a00000, 0x0000000084900000| Untracked 
|  74|0x0000000084a00000, 0x0000000084b00000, 0x0000000084b00000|100%| O|  |TAMS 0x0000000084abb800, 0x0000000084a00000| Untracked 
|  75|0x0000000084b00000, 0x0000000084c00000, 0x0000000084c00000|100%| O|  |TAMS 0x0000000084b00000, 0x0000000084b00000| Untracked 
|  76|0x0000000084c00000, 0x0000000084c5d600, 0x0000000084d00000| 36%| O|  |TAMS 0x0000000084c00000, 0x0000000084c00000| Untracked 
|  77|0x0000000084d00000, 0x0000000084d00000, 0x0000000084e00000|  0%| F|  |TAMS 0x0000000084d00000, 0x0000000084d00000| Untracked 
|  78|0x0000000084e00000, 0x0000000084e00000, 0x0000000084f00000|  0%| F|  |TAMS 0x0000000084e00000, 0x0000000084e00000| Untracked 
|  79|0x0000000084f00000, 0x0000000084f00000, 0x0000000085000000|  0%| F|  |TAMS 0x0000000084f00000, 0x0000000084f00000| Untracked 
|  80|0x0000000085000000, 0x0000000085000000, 0x0000000085100000|  0%| F|  |TAMS 0x0000000085000000, 0x0000000085000000| Untracked 
|  81|0x0000000085100000, 0x0000000085100000, 0x0000000085200000|  0%| F|  |TAMS 0x0000000085100000, 0x0000000085100000| Untracked 
|  82|0x0000000085200000, 0x0000000085200000, 0x0000000085300000|  0%| F|  |TAMS 0x0000000085200000, 0x0000000085200000| Untracked 
|  83|0x0000000085300000, 0x0000000085300000, 0x0000000085400000|  0%| F|  |TAMS 0x0000000085300000, 0x0000000085300000| Untracked 
|  84|0x0000000085400000, 0x0000000085400000, 0x0000000085500000|  0%| F|  |TAMS 0x0000000085400000, 0x0000000085400000| Untracked 
|  85|0x0000000085500000, 0x0000000085500000, 0x0000000085600000|  0%| F|  |TAMS 0x0000000085500000, 0x0000000085500000| Untracked 
|  86|0x0000000085600000, 0x0000000085600000, 0x0000000085700000|  0%| F|  |TAMS 0x0000000085600000, 0x0000000085600000| Untracked 
|  87|0x0000000085700000, 0x0000000085700000, 0x0000000085800000|  0%| F|  |TAMS 0x0000000085700000, 0x0000000085700000| Untracked 
|  88|0x0000000085800000, 0x0000000085800000, 0x0000000085900000|  0%| F|  |TAMS 0x0000000085800000, 0x0000000085800000| Untracked 
|  89|0x0000000085900000, 0x0000000085900000, 0x0000000085a00000|  0%| F|  |TAMS 0x0000000085900000, 0x0000000085900000| Untracked 
|  90|0x0000000085a00000, 0x0000000085a00000, 0x0000000085b00000|  0%| F|  |TAMS 0x0000000085a00000, 0x0000000085a00000| Untracked 
|  91|0x0000000085b00000, 0x0000000085b00000, 0x0000000085c00000|  0%| F|  |TAMS 0x0000000085b00000, 0x0000000085b00000| Untracked 
|  92|0x0000000085c00000, 0x0000000085c00000, 0x0000000085d00000|  0%| F|  |TAMS 0x0000000085c00000, 0x0000000085c00000| Untracked 
|  93|0x0000000085d00000, 0x0000000085d00000, 0x0000000085e00000|  0%| F|  |TAMS 0x0000000085d00000, 0x0000000085d00000| Untracked 
|  94|0x0000000085e00000, 0x0000000085e00000, 0x0000000085f00000|  0%| F|  |TAMS 0x0000000085e00000, 0x0000000085e00000| Untracked 
|  95|0x0000000085f00000, 0x0000000085f00000, 0x0000000086000000|  0%| F|  |TAMS 0x0000000085f00000, 0x0000000085f00000| Untracked 
|  96|0x0000000086000000, 0x0000000086000000, 0x0000000086100000|  0%| F|  |TAMS 0x0000000086000000, 0x0000000086000000| Untracked 
|  97|0x0000000086100000, 0x0000000086100000, 0x0000000086200000|  0%| F|  |TAMS 0x0000000086100000, 0x0000000086100000| Untracked 
|  98|0x0000000086200000, 0x0000000086200000, 0x0000000086300000|  0%| F|  |TAMS 0x0000000086200000, 0x0000000086200000| Untracked 
|  99|0x0000000086300000, 0x0000000086300000, 0x0000000086400000|  0%| F|  |TAMS 0x0000000086300000, 0x0000000086300000| Untracked 
| 100|0x0000000086400000, 0x0000000086400000, 0x0000000086500000|  0%| F|  |TAMS 0x0000000086400000, 0x0000000086400000| Untracked 
| 101|0x0000000086500000, 0x0000000086500000, 0x0000000086600000|  0%| F|  |TAMS 0x0000000086500000, 0x0000000086500000| Untracked 
| 102|0x0000000086600000, 0x0000000086600000, 0x0000000086700000|  0%| F|  |TAMS 0x0000000086600000, 0x0000000086600000| Untracked 
| 103|0x0000000086700000, 0x0000000086700000, 0x0000000086800000|  0%| F|  |TAMS 0x0000000086700000, 0x0000000086700000| Untracked 
| 104|0x0000000086800000, 0x0000000086800000, 0x0000000086900000|  0%| F|  |TAMS 0x0000000086800000, 0x0000000086800000| Untracked 
| 105|0x0000000086900000, 0x000000008699f250, 0x0000000086a00000| 62%| E|  |TAMS 0x0000000086900000, 0x0000000086900000| Complete 
| 106|0x0000000086a00000, 0x0000000086b00000, 0x0000000086b00000|100%| E|  |TAMS 0x0000000086a00000, 0x0000000086a00000| Complete 
| 107|0x0000000086b00000, 0x0000000086c00000, 0x0000000086c00000|100%| E|CS|TAMS 0x0000000086b00000, 0x0000000086b00000| Complete 
| 108|0x0000000086c00000, 0x0000000086d00000, 0x0000000086d00000|100%| E|CS|TAMS 0x0000000086c00000, 0x0000000086c00000| Complete 
| 109|0x0000000086d00000, 0x0000000086e00000, 0x0000000086e00000|100%| E|CS|TAMS 0x0000000086d00000, 0x0000000086d00000| Complete 
| 110|0x0000000086e00000, 0x0000000086f00000, 0x0000000086f00000|100%| E|CS|TAMS 0x0000000086e00000, 0x0000000086e00000| Complete 
| 111|0x0000000086f00000, 0x0000000087000000, 0x0000000087000000|100%| E|CS|TAMS 0x0000000086f00000, 0x0000000086f00000| Complete 
| 112|0x0000000087000000, 0x0000000087100000, 0x0000000087100000|100%| E|CS|TAMS 0x0000000087000000, 0x0000000087000000| Complete 
| 113|0x0000000087100000, 0x0000000087200000, 0x0000000087200000|100%| E|CS|TAMS 0x0000000087100000, 0x0000000087100000| Complete 
| 114|0x0000000087200000, 0x0000000087300000, 0x0000000087300000|100%| E|CS|TAMS 0x0000000087200000, 0x0000000087200000| Complete 
| 115|0x0000000087300000, 0x0000000087400000, 0x0000000087400000|100%| E|CS|TAMS 0x0000000087300000, 0x0000000087300000| Complete 
| 116|0x0000000087400000, 0x0000000087500000, 0x0000000087500000|100%| E|CS|TAMS 0x0000000087400000, 0x0000000087400000| Complete 
| 117|0x0000000087500000, 0x0000000087600000, 0x0000000087600000|100%| E|CS|TAMS 0x0000000087500000, 0x0000000087500000| Complete 
| 118|0x0000000087600000, 0x0000000087700000, 0x0000000087700000|100%| E|CS|TAMS 0x0000000087600000, 0x0000000087600000| Complete 
| 119|0x0000000087700000, 0x0000000087800000, 0x0000000087800000|100%| E|CS|TAMS 0x0000000087700000, 0x0000000087700000| Complete 
| 120|0x0000000087800000, 0x0000000087900000, 0x0000000087900000|100%| E|CS|TAMS 0x0000000087800000, 0x0000000087800000| Complete 
| 121|0x0000000087900000, 0x00000000879442e0, 0x0000000087a00000| 26%| S|CS|TAMS 0x0000000087900000, 0x0000000087900000| Complete 
| 122|0x0000000087a00000, 0x0000000087b00000, 0x0000000087b00000|100%| E|CS|TAMS 0x0000000087a00000, 0x0000000087a00000| Complete 
| 123|0x0000000087b00000, 0x0000000087c00000, 0x0000000087c00000|100%| E|CS|TAMS 0x0000000087b00000, 0x0000000087b00000| Complete 
| 124|0x0000000087c00000, 0x0000000087d00000, 0x0000000087d00000|100%| E|CS|TAMS 0x0000000087c00000, 0x0000000087c00000| Complete 
| 125|0x0000000087d00000, 0x0000000087e00000, 0x0000000087e00000|100%| E|CS|TAMS 0x0000000087d00000, 0x0000000087d00000| Complete 

Card table byte_map: [0x000001b17c970000,0x000001b17cd70000] _byte_map_base: 0x000001b17c570000

Marking Bits (Prev, Next): (CMBitMap*) 0x000001b173c24300, (CMBitMap*) 0x000001b173c242c8
 Prev Bits: [0x000001b10f000000, 0x000001b111000000)
 Next Bits: [0x000001b17d170000, 0x000001b17f170000)

Polling page: 0x000001b173cc0000

Metaspace:

Usage:
  Non-class:     71.73 MB capacity,    70.34 MB ( 98%) used,     1.19 MB (  2%) free+waste,   205.25 KB ( <1%) overhead. 
      Class:     10.88 MB capacity,    10.16 MB ( 93%) used,   643.22 KB (  6%) free+waste,    92.13 KB ( <1%) overhead. 
       Both:     82.61 MB capacity,    80.50 MB ( 97%) used,     1.82 MB (  2%) free+waste,   297.38 KB ( <1%) overhead. 

Virtual space:
  Non-class space:       72.00 MB reserved,      71.83 MB (>99%) committed 
      Class space:        1.00 GB reserved,      10.95 MB (  1%) committed 
             Both:        1.07 GB reserved,      82.78 MB (  8%) committed 

Chunk freelists:
   Non-Class:  4.63 KB
       Class:  0 bytes
        Both:  4.63 KB

CodeHeap 'non-profiled nmethods': size=120064Kb used=6069Kb max_used=6069Kb free=113994Kb
 bounds [0x000001b107ac0000, 0x000001b1080b0000, 0x000001b10f000000]
CodeHeap 'profiled nmethods': size=120000Kb used=22656Kb max_used=22656Kb free=97343Kb
 bounds [0x000001b100590000, 0x000001b101bc0000, 0x000001b107ac0000]
CodeHeap 'non-nmethods': size=5696Kb used=2273Kb max_used=2326Kb free=3422Kb
 bounds [0x000001b100000000, 0x000001b100270000, 0x000001b100590000]
 total_blobs=13527 nmethods=9984 adapters=775
 compilation: enabled
              stopped_count=0, restarted_count=0
 full_count=0

Compilation events (10 events):
Event: 106.673 Thread 0x000001b17f7e0800 nmethod 10213 0x000001b101ba6210 code [0x000001b101ba6400, 0x000001b101ba69b0]
Event: 106.673 Thread 0x000001b17f7e0800 10214   !   3       java.util.zip.Inflater::getBytesWritten (23 bytes)
Event: 106.673 Thread 0x000001b17f7e0800 nmethod 10214 0x000001b101ba6b90 code [0x000001b101ba6d60, 0x000001b101ba70b0]
Event: 106.740 Thread 0x000001b17f7e0800 10215       1       com.android.builder.dexing.ClassFile::getContents (5 bytes)
Event: 106.740 Thread 0x000001b17f7e0800 nmethod 10215 0x000001b1080a4290 code [0x000001b1080a4440, 0x000001b1080a4558]
Event: 106.740 Thread 0x000001b17f7e0800 10216       3       com.android.builder.dexing.NoCacheJarClassFileEntry::getRelativePath (8 bytes)
Event: 106.740 Thread 0x000001b17f7e0800 nmethod 10216 0x000001b101ba7210 code [0x000001b101ba73e0, 0x000001b101ba7610]
Event: 106.740 Thread 0x000001b17f7e0800 10217       3       com.android.tools.r8.origin.Origin::<init> (31 bytes)
Event: 106.741 Thread 0x000001b17f7e0800 nmethod 10217 0x000001b101ba7710 code [0x000001b101ba78c0, 0x000001b101ba7ad8]
Event: 107.843 Thread 0x000001b17f7db800 10218   !   4       java.net.URLClassLoader$1::run (63 bytes)

GC Heap History (10 events):
Event: 101.548 GC heap before
{Heap before GC invocations=22 (full 0):
 garbage-first heap   total 129024K, used 106493K [0x0000000080000000, 0x0000000100000000)
  region size 1024K, 40 young (40960K), 5 survivors (5120K)
 Metaspace       used 78667K, capacity 80739K, committed 81052K, reserved 1120256K
  class space    used 10003K, capacity 10705K, committed 10828K, reserved 1048576K
}
Event: 101.560 GC heap after
{Heap after GC invocations=23 (full 0):
 garbage-first heap   total 129024K, used 73085K [0x0000000080000000, 0x0000000100000000)
  region size 1024K, 5 young (5120K), 5 survivors (5120K)
 Metaspace       used 78667K, capacity 80739K, committed 81052K, reserved 1120256K
  class space    used 10003K, capacity 10705K, committed 10828K, reserved 1048576K
}
Event: 102.870 GC heap before
{Heap before GC invocations=24 (full 0):
 garbage-first heap   total 129024K, used 105853K [0x0000000080000000, 0x0000000100000000)
  region size 1024K, 38 young (38912K), 5 survivors (5120K)
 Metaspace       used 79066K, capacity 81090K, committed 81564K, reserved 1120256K
  class space    used 9970K, capacity 10646K, committed 10828K, reserved 1048576K
}
Event: 102.881 GC heap after
{Heap after GC invocations=25 (full 0):
 garbage-first heap   total 129024K, used 76437K [0x0000000080000000, 0x0000000100000000)
  region size 1024K, 4 young (4096K), 4 survivors (4096K)
 Metaspace       used 79066K, capacity 81090K, committed 81564K, reserved 1120256K
  class space    used 9970K, capacity 10646K, committed 10828K, reserved 1048576K
}
Event: 103.058 GC heap before
{Heap before GC invocations=25 (full 0):
 garbage-first heap   total 129024K, used 78485K [0x0000000080000000, 0x0000000100000000)
  region size 1024K, 7 young (7168K), 4 survivors (4096K)
 Metaspace       used 79194K, capacity 81221K, committed 81564K, reserved 1120256K
  class space    used 9985K, capacity 10647K, committed 10828K, reserved 1048576K
}
Event: 103.063 GC heap after
{Heap after GC invocations=26 (full 0):
 garbage-first heap   total 129024K, used 77231K [0x0000000080000000, 0x0000000100000000)
  region size 1024K, 1 young (1024K), 1 survivors (1024K)
 Metaspace       used 79194K, capacity 81221K, committed 81564K, reserved 1120256K
  class space    used 9985K, capacity 10647K, committed 10828K, reserved 1048576K
}
Event: 105.417 GC heap before
{Heap before GC invocations=27 (full 0):
 garbage-first heap   total 129024K, used 114095K [0x0000000080000000, 0x0000000100000000)
  region size 1024K, 29 young (29696K), 1 survivors (1024K)
 Metaspace       used 80379K, capacity 82375K, committed 82588K, reserved 1122304K
  class space    used 10108K, capacity 10764K, committed 10828K, reserved 1048576K
}
Event: 105.421 GC heap after
{Heap after GC invocations=28 (full 0):
 garbage-first heap   total 129024K, used 77600K [0x0000000080000000, 0x0000000100000000)
  region size 1024K, 2 young (2048K), 2 survivors (2048K)
 Metaspace       used 80379K, capacity 82375K, committed 82588K, reserved 1122304K
  class space    used 10108K, capacity 10764K, committed 10828K, reserved 1048576K
}
Event: 105.710 GC heap before
{Heap before GC invocations=28 (full 0):
 garbage-first heap   total 129024K, used 80672K [0x0000000080000000, 0x0000000100000000)
  region size 1024K, 6 young (6144K), 2 survivors (2048K)
 Metaspace       used 80493K, capacity 82535K, committed 82588K, reserved 1122304K
  class space    used 10127K, capacity 10776K, committed 10828K, reserved 1048576K
}
Event: 105.713 GC heap after
{Heap after GC invocations=29 (full 0):
 garbage-first heap   total 129024K, used 76422K [0x0000000080000000, 0x0000000100000000)
  region size 1024K, 1 young (1024K), 1 survivors (1024K)
 Metaspace       used 80493K, capacity 82535K, committed 82588K, reserved 1122304K
  class space    used 10127K, capacity 10776K, committed 10828K, reserved 1048576K
}

Deoptimization events (10 events):
Event: 103.641 Thread 0x000001b117d79800 Uncommon trap: reason=bimorphic_or_optimized_type_check action=maybe_recompile pc=0x000001b108021ce0 method=com.sun.org.apache.xerces.internal.dom.NamedNodeMapImpl.findNamePoint(Ljava/lang/String;I)I @ 54 c2
Event: 103.641 Thread 0x000001b117d79800 Uncommon trap: reason=bimorphic_or_optimized_type_check action=maybe_recompile pc=0x000001b108021ce0 method=com.sun.org.apache.xerces.internal.dom.NamedNodeMapImpl.findNamePoint(Ljava/lang/String;I)I @ 54 c2
Event: 103.650 Thread 0x000001b117d79800 Uncommon trap: reason=unstable_if action=reinterpret pc=0x000001b108023618 method=com.sun.org.apache.xerces.internal.dom.DeferredDocumentImpl.getTypeInfo(I)Ljava/lang/Object; @ 24 c2
Event: 103.713 Thread 0x000001b117d79800 Uncommon trap: reason=unstable_if action=reinterpret pc=0x000001b107ad7d24 method=java.lang.String.isLatin1()Z @ 10 c2
Event: 104.225 Thread 0x000001b11797f800 Uncommon trap: reason=unstable_if action=reinterpret pc=0x000001b107fb13f8 method=org.gradle.internal.snapshot.PathUtil.equalChars(CCLorg/gradle/internal/snapshot/CaseSensitivity;)Z @ 40 c2
Event: 104.225 Thread 0x000001b11797f800 Uncommon trap: reason=unstable_if action=reinterpret pc=0x000001b107ebc3a8 method=org.gradle.internal.snapshot.PathUtil.equalChars(CCLorg/gradle/internal/snapshot/CaseSensitivity;)Z @ 40 c2
Event: 105.634 Thread 0x000001b117d7c000 Uncommon trap: reason=unstable_if action=reinterpret pc=0x000001b108065edc method=org.gradle.internal.fingerprint.classpath.impl.ClasspathFingerprintingStrategy$ClasspathFingerprintVisitor.visit(Lorg/gradle/internal/snapshot/CompleteFileSystemLocationSnap
Event: 105.634 Thread 0x000001b117d7c000 Uncommon trap: reason=unstable_if action=reinterpret pc=0x000001b10806d464 method=org.gradle.internal.fingerprint.classpath.impl.ClasspathFingerprintingStrategy$ClasspathFingerprintVisitor.visit(Lorg/gradle/internal/snapshot/CompleteFileSystemLocationSnap
Event: 105.707 Thread 0x000001b117d7c000 Uncommon trap: reason=unstable_if action=reinterpret pc=0x000001b107e8c890 method=org.gradle.internal.snapshot.VfsRelativePath.compareToFirstSegment(Ljava/lang/String;Lorg/gradle/internal/snapshot/CaseSensitivity;)I @ 156 c2
Event: 105.707 Thread 0x000001b117d7c000 Uncommon trap: reason=unstable_if action=reinterpret pc=0x000001b107f74b38 method=org.gradle.internal.snapshot.VfsRelativePath.lengthOfCommonPrefix(Ljava/lang/String;Lorg/gradle/internal/snapshot/CaseSensitivity;)I @ 107 c2

Classes redefined (0 events):
No events

Internal exceptions (10 events):
Event: 105.708 Thread 0x000001b117d7c000 Exception <a 'java/lang/NoSuchMethodError'{0x0000000087ae9cb0}: java.lang.invoke.DirectMethodHandle$Holder.invokeSpecial(Ljava/lang/Object;Ljava/lang/Object;ILjava/lang/Object;Ljava/lang/Object;)Ljava/lang/Object;> (0x0000000087ae9cb0) thrown at [t:/works
Event: 105.709 Thread 0x000001b117d7c000 Exception <a 'java/lang/NoSuchMethodError'{0x0000000087af3948}: java.lang.invoke.DirectMethodHandle$Holder.invokeStatic(Ljava/lang/Object;Ljava/lang/Object;ILjava/lang/Object;)Ljava/lang/Object;> (0x0000000087af3948) thrown at [t:/workspace/open/src/hotsp
Event: 105.709 Thread 0x000001b117d7c000 Exception <a 'java/lang/NoSuchMethodError'{0x0000000087af7ff8}: java.lang.invoke.Invokers$Holder.linkToTargetMethod(Ljava/lang/Object;ILjava/lang/Object;Ljava/lang/Object;)Ljava/lang/Object;> (0x0000000087af7ff8) thrown at [t:/workspace/open/src/hotspot/s
Event: 106.236 Thread 0x000001b117d79800 Exception <a 'sun/nio/fs/WindowsException'{0x000000008765a408}> (0x000000008765a408) thrown at [t:/workspace/open/src/hotspot/share/prims/jni.cpp, line 615]
Event: 106.237 Thread 0x000001b117d79800 Exception <a 'sun/nio/fs/WindowsException'{0x000000008765b010}> (0x000000008765b010) thrown at [t:/workspace/open/src/hotspot/share/prims/jni.cpp, line 615]
Event: 106.244 Thread 0x000001b117d79800 Exception <a 'sun/nio/fs/WindowsException'{0x000000008765c1b8}> (0x000000008765c1b8) thrown at [t:/workspace/open/src/hotspot/share/prims/jni.cpp, line 615]
Event: 106.244 Thread 0x000001b117d79800 Exception <a 'sun/nio/fs/WindowsException'{0x000000008765cdb8}> (0x000000008765cdb8) thrown at [t:/workspace/open/src/hotspot/share/prims/jni.cpp, line 615]
Event: 106.244 Thread 0x000001b117d79800 Exception <a 'sun/nio/fs/WindowsException'{0x000000008765d080}> (0x000000008765d080) thrown at [t:/workspace/open/src/hotspot/share/prims/jni.cpp, line 615]
Event: 106.244 Thread 0x000001b117d79800 Exception <a 'sun/nio/fs/WindowsException'{0x000000008765dc50}> (0x000000008765dc50) thrown at [t:/workspace/open/src/hotspot/share/prims/jni.cpp, line 615]
Event: 106.846 Thread 0x000001b117d7c000 Exception <a 'sun/nio/fs/WindowsException'{0x0000000086e63138}> (0x0000000086e63138) thrown at [t:/workspace/open/src/hotspot/share/prims/jni.cpp, line 615]

Events (10 events):
Event: 107.942 loading class com/android/tools/r8/s/a/a/b/k
Event: 107.942 loading class com/android/tools/r8/s/a/a/b/k done
Event: 107.942 loading class com/android/tools/r8/s/a/a/b/e0
Event: 107.942 loading class com/android/tools/r8/s/a/a/b/e0 done
Event: 107.975 loading class com/android/tools/r8/s/a/a/b/h2
Event: 107.975 loading class com/android/tools/r8/s/a/a/b/h2 done
Event: 107.976 loading class com/android/tools/r8/v/a/a/a/f/X
Event: 107.976 loading class com/android/tools/r8/v/a/a/a/f/X done
Event: 108.032 loading class com/android/tools/r8/v/a/a/a/h/U0
Event: 108.032 loading class com/android/tools/r8/v/a/a/a/h/U0 done


Dynamic libraries:
0x00007ff68c410000 - 0x00007ff68c455000 	C:\Program Files\Java\jdk-11.0.2\bin\java.exe
0x00007ffacffa0000 - 0x00007ffad0190000 	C:\WINDOWS\SYSTEM32\ntdll.dll
0x00007fface4c0000 - 0x00007fface572000 	C:\WINDOWS\System32\KERNEL32.DLL
0x00007ffacd9e0000 - 0x00007ffacdc85000 	C:\WINDOWS\System32\KERNELBASE.dll
0x00007ffacef40000 - 0x00007ffacf0d4000 	C:\WINDOWS\System32\USER32.dll
0x00007ffacdc90000 - 0x00007ffacdcb1000 	C:\WINDOWS\System32\win32u.dll
0x00007ffaced50000 - 0x00007ffaced76000 	C:\WINDOWS\System32\GDI32.dll
0x00007ffaccfc0000 - 0x00007ffacd156000 	C:\WINDOWS\System32\gdi32full.dll
0x00007ffacdcc0000 - 0x00007ffacdd5e000 	C:\WINDOWS\System32\msvcp_win.dll
0x00007ffacdeb0000 - 0x00007ffacdfaa000 	C:\WINDOWS\System32\ucrtbase.dll
0x00007ffab3540000 - 0x00007ffab37c4000 	C:\WINDOWS\WinSxS\amd64_microsoft.windows.common-controls_6595b64144ccf1df_6.0.18362.1256_none_9e7e379be45e40e2\COMCTL32.dll
0x00007ffacf5d0000 - 0x00007ffacf66e000 	C:\WINDOWS\System32\msvcrt.dll
0x00007fface580000 - 0x00007fface8b6000 	C:\WINDOWS\System32\combase.dll
0x00007ffacfe40000 - 0x00007ffacff60000 	C:\WINDOWS\System32\RPCRT4.dll
0x00007ffacd160000 - 0x00007ffacd1e1000 	C:\WINDOWS\System32\bcryptPrimitives.dll
0x00007ffaceb40000 - 0x00007ffaceb6e000 	C:\WINDOWS\System32\IMM32.DLL
0x00007ffabd810000 - 0x00007ffabd826000 	C:\Program Files\Java\jdk-11.0.2\bin\vcruntime140.dll
0x00007ffaa3060000 - 0x00007ffaa310a000 	C:\Program Files\Java\jdk-11.0.2\bin\msvcp140.dll
0x00007ffa7fe20000 - 0x00007ffa80943000 	C:\Program Files\Java\jdk-11.0.2\bin\server\jvm.dll
0x00007fface050000 - 0x00007fface0f3000 	C:\WINDOWS\System32\ADVAPI32.dll
0x00007ffacea80000 - 0x00007ffaceb17000 	C:\WINDOWS\System32\sechost.dll
0x00007ffacfd60000 - 0x00007ffacfd68000 	C:\WINDOWS\System32\PSAPI.DLL
0x00007ffac62e0000 - 0x00007ffac62e9000 	C:\WINDOWS\SYSTEM32\WSOCK32.dll
0x00007ffac7da0000 - 0x00007ffac7daa000 	C:\WINDOWS\SYSTEM32\VERSION.dll
0x00007ffac94c0000 - 0x00007ffac94e4000 	C:\WINDOWS\SYSTEM32\WINMM.dll
0x00007ffacfdd0000 - 0x00007ffacfe3f000 	C:\WINDOWS\System32\WS2_32.dll
0x00007ffac9490000 - 0x00007ffac94bd000 	C:\WINDOWS\SYSTEM32\WINMMBASE.dll
0x00007fface000000 - 0x00007fface04a000 	C:\WINDOWS\System32\cfgmgr32.dll
0x00007ffacce50000 - 0x00007ffacce61000 	C:\WINDOWS\System32\kernel.appcore.dll
0x00007ffab10a0000 - 0x00007ffab10b1000 	C:\Program Files\Java\jdk-11.0.2\bin\verify.dll
0x00007ffacb3a0000 - 0x00007ffacb594000 	C:\WINDOWS\SYSTEM32\DBGHELP.DLL
0x00007ffac54b0000 - 0x00007ffac54da000 	C:\WINDOWS\SYSTEM32\dbgcore.DLL
0x00007ffab0410000 - 0x00007ffab0438000 	C:\Program Files\Java\jdk-11.0.2\bin\java.dll
0x00007ffab0f10000 - 0x00007ffab0f26000 	C:\Program Files\Java\jdk-11.0.2\bin\zip.dll
0x00007ffac9340000 - 0x00007ffac934a000 	C:\Program Files\Java\jdk-11.0.2\bin\jimage.dll
0x00007ffacf670000 - 0x00007ffacfd57000 	C:\WINDOWS\System32\SHELL32.dll
0x00007ffacede0000 - 0x00007ffacee89000 	C:\WINDOWS\System32\shcore.dll
0x00007ffacd250000 - 0x00007ffacd9d1000 	C:\WINDOWS\System32\windows.storage.dll
0x00007ffaccee0000 - 0x00007ffaccf03000 	C:\WINDOWS\System32\profapi.dll
0x00007ffacce90000 - 0x00007ffacceda000 	C:\WINDOWS\System32\powrprof.dll
0x00007ffacce40000 - 0x00007ffacce50000 	C:\WINDOWS\System32\UMPDC.dll
0x00007ffacf570000 - 0x00007ffacf5c2000 	C:\WINDOWS\System32\shlwapi.dll
0x00007ffacdfe0000 - 0x00007ffacdff7000 	C:\WINDOWS\System32\cryptsp.dll
0x00007ffab0370000 - 0x00007ffab0389000 	C:\Program Files\Java\jdk-11.0.2\bin\net.dll
0x00007ffabe680000 - 0x00007ffabe770000 	C:\WINDOWS\SYSTEM32\WINHTTP.dll
0x00007ffab0440000 - 0x00007ffab0616000 	C:\WINDOWS\SYSTEM32\urlmon.dll
0x00007ffab2410000 - 0x00007ffab26b7000 	C:\WINDOWS\SYSTEM32\iertutil.dll
0x00007ffacc860000 - 0x00007ffacc86c000 	C:\WINDOWS\SYSTEM32\CRYPTBASE.DLL
0x00007ffacc690000 - 0x00007ffacc6f7000 	C:\WINDOWS\system32\mswsock.dll
0x00007ffab0260000 - 0x00007ffab0273000 	C:\Program Files\Java\jdk-11.0.2\bin\nio.dll
0x00007ffaa4060000 - 0x00007ffaa4086000 	C:\Users\AlexeiZhautok\.gradle\native\31\windows-amd64\native-platform.dll
0x00007ffac91e0000 - 0x00007ffac91e9000 	C:\Program Files\Java\jdk-11.0.2\bin\management.dll
0x00007ffab01f0000 - 0x00007ffab01fc000 	C:\Program Files\Java\jdk-11.0.2\bin\management_ext.dll
0x00007ffacc1a0000 - 0x00007ffacc1d3000 	C:\WINDOWS\system32\rsaenh.dll
0x00007ffacdfb0000 - 0x00007ffacdfd6000 	C:\WINDOWS\System32\bcrypt.dll
0x00007ffaccd20000 - 0x00007ffaccd45000 	C:\WINDOWS\SYSTEM32\USERENV.dll
0x00007ffacc340000 - 0x00007ffacc37a000 	C:\WINDOWS\SYSTEM32\IPHLPAPI.DLL
0x00007ffacf0e0000 - 0x00007ffacf0e8000 	C:\WINDOWS\System32\NSI.dll
0x00007ffac5830000 - 0x00007ffac5846000 	C:\WINDOWS\SYSTEM32\dhcpcsvc6.DLL
0x00007ffac5810000 - 0x00007ffac582c000 	C:\WINDOWS\SYSTEM32\dhcpcsvc.DLL
0x00007ffacc380000 - 0x00007ffacc44b000 	C:\WINDOWS\SYSTEM32\DNSAPI.dll

dbghelp: loaded successfully - version: 4.0.5 - missing functions: none
symbol engine: initialized successfully - sym options: 0x614 - pdb path: .;C:\Program Files\Java\jdk-11.0.2\bin;C:\WINDOWS\SYSTEM32;C:\WINDOWS\WinSxS\amd64_microsoft.windows.common-controls_6595b64144ccf1df_6.0.18362.1256_none_9e7e379be45e40e2;C:\Program Files\Java\jdk-11.0.2\bin\server;C:\Users\AlexeiZhautok\.gradle\native\31\windows-amd64

VM Arguments:
jvm_args: --add-opens=java.base/java.util=ALL-UNNAMED --add-opens=java.base/java.lang=ALL-UNNAMED --add-opens=java.base/java.lang.invoke=ALL-UNNAMED --add-opens=java.prefs/java.util.prefs=ALL-UNNAMED -Xmx2048m -Dfile.encoding=windows-1251 -Duser.country=RU -Duser.language=ru -Duser.variant 
java_command: org.gradle.launcher.daemon.bootstrap.GradleDaemon 6.1.1
java_class_path (initial): C:\Users\AlexeiZhautok\.gradle\wrapper\dists\gradle-6.1.1-all\cfmwm155h49vnt3hynmlrsdst\gradle-6.1.1\lib\gradle-launcher-6.1.1.jar
Launcher Type: SUN_STANDARD

[Global flags]
     intx CICompilerCount                          = 3                                         {product} {ergonomic}
     uint ConcGCThreads                            = 1                                         {product} {ergonomic}
     uint G1ConcRefinementThreads                  = 4                                         {product} {ergonomic}
   size_t G1HeapRegionSize                         = 1048576                                   {product} {ergonomic}
    uintx GCDrainStackTargetSize                   = 64                                        {product} {ergonomic}
   size_t InitialHeapSize                          = 132120576                                 {product} {ergonomic}
   size_t MarkStackSize                            = 4194304                                   {product} {ergonomic}
   size_t MaxHeapSize                              = 2147483648                                {product} {command line}
   size_t MaxNewSize                               = 1287651328                                {product} {ergonomic}
   size_t MinHeapDeltaBytes                        = 1048576                                   {product} {ergonomic}
    uintx NonNMethodCodeHeapSize                   = 5830092                                {pd product} {ergonomic}
    uintx NonProfiledCodeHeapSize                  = 122914074                              {pd product} {ergonomic}
    uintx ProfiledCodeHeapSize                     = 122914074                              {pd product} {ergonomic}
    uintx ReservedCodeCacheSize                    = 251658240                              {pd product} {ergonomic}
     bool SegmentedCodeCache                       = true                                      {product} {ergonomic}
     bool UseCompressedClassPointers               = true                                 {lp64_product} {ergonomic}
     bool UseCompressedOops                        = true                                 {lp64_product} {ergonomic}
     bool UseG1GC                                  = true                                      {product} {ergonomic}
     bool UseLargePagesIndividualAllocation        = false                                  {pd product} {ergonomic}

Logging:
Log output configuration:
 #0: stdout all=warning uptime,level,tags
 #1: stderr all=off uptime,level,tags

Environment Variables:
JAVA_HOME=C:\Program Files\Java\jdk-14
PATH=C:\Program Files (x86)\Common Files\Intel\Shared Files\cpp\bin\Intel64;C:\ProgramData\Oracle\Java\javapath;C:\Windows\system32;C:\Windows;C:\Windows\System32\Wbem;C:\Windows\System32\WindowsPowerShell\v1.0\;C:\Program Files (x86)\NVIDIA Corporation\PhysX\Common;C:\WINDOWS\system32;C:\WINDOWS;C:\WINDOWS\System32\Wbem;C:\WINDOWS\System32\WindowsPowerShell\v1.0\;E:\Tex\miktex\bin\x64\;C:\Program Files\MiKTeX 2.9\miktex\bin\x64\;C:\Program Files\Microsoft SQL Server\130\Tools\Binn\;C:\Program Files\dotnet\;C:\WINDOWS\System32\OpenSSH\;C:\Program Files (x86)\Microsoft SQL Server\Client SDK\ODBC\130\Tools\Binn\;C:\Program Files (x86)\Microsoft SQL Server\140\Tools\Binn\;C:\Program Files (x86)\Microsoft SQL Server\140\DTS\Binn\;C:\Program Files (x86)\Microsoft SQL Server\140\Tools\Binn\ManagementStudio\;C:\Program Files\Microsoft SQL Server\140\Tools\Binn\;C:\Program Files\Microsoft SQL Server\140\DTS\Binn\;C:\Program Files\Microsoft SQL Server\Client SDK\ODBC\130\Tools\Binn\;E:\Java\apache-maven-3.6.3\bin;C:\Users\AlexeiZhautok\AppData\Local\Microsoft\WindowsApps;E:\Java\drivers;
USERNAME=AlexeiZhautok
OS=Windows_NT
PROCESSOR_IDENTIFIER=Intel64 Family 6 Model 94 Stepping 3, GenuineIntel



---------------  S Y S T E M  ---------------

OS: Windows 10 , 64 bit Build 18362 (10.0.18362.1110)

CPU:total 4 (initial active 4) (4 cores per cpu, 1 threads per core) family 6 model 94 stepping 3, cmov, cx8, fxsr, mmx, sse, sse2, sse3, ssse3, sse4.1, sse4.2, popcnt, avx, avx2, aes, clmul, erms, rtm, 3dnowpref, lzcnt, tsc, tscinvbit, bmi1, bmi2, adx, fma

Memory: 4k page, system-wide physical 8020M (400M free)
TotalPageFile size 11092M (AvailPageFile size 19M)
current process WorkingSet (physical memory assigned to process): 341M, peak: 341M
current process commit charge ("private bytes"): 385M, peak: 385M

vm_info: OpenJDK 64-Bit Server VM (11.0.2+9) for windows-amd64 JRE (11.0.2+9), built on Jan 18 2019 05:23:22 by "mach5one" with MS VC++ 15.5 (VS2017)

END.
